This is pdfTeX, Version 3.14159265-2.6-1.40.20 (TeX Live 2019/Debian) (preloaded format=pdflatex 2022.2.3)  20 MAR 2022 16:19
entering extended mode
 restricted \write18 enabled.
 %&-line parsing enabled.
**00-abstract.tex
(./00-abstract.tex
LaTeX2e <2020-02-02> patch level 2
L3 programming layer <2020-02-14>

! LaTeX Error: Environment abstract undefined.

See the LaTeX manual or LaTeX Companion for explanation.
Type  H <return>  for immediate help.
 ...                                              
                                                  
l.2 \begin{abstract}
                    
Your command was ignored.
Type  I <command> <return>  to replace it with another command,
or  <return>  to continue without it.


! Package inputenc Error: Unicode character –û (U+041E)
(inputenc)                not set up for use with LaTeX.

See the inputenc package documentation for explanation.
Type  H <return>  for immediate help.
 ...                                              
                                                  
l.3 –û
      —Ç—á–µ—Ç 5 —Å., 1 —Ä–∏—Å., 1 —Ç–∞–±–ª–∏—Ü–∞.
You may provide a definition with
\DeclareUnicodeCharacter 


! Package inputenc Error: Unicode character —Ç (U+0442)
(inputenc)                not set up for use with LaTeX.

See the inputenc package documentation for explanation.
Type  H <return>  for immediate help.
 ...                                              
                                                  
l.3 –û—Ç
        —á–µ—Ç 5 —Å., 1 —Ä–∏—Å., 1 —Ç–∞–±–ª–∏—Ü–∞.
You may provide a definition with
\DeclareUnicodeCharacter 


! Package inputenc Error: Unicode character —á (U+0447)
(inputenc)                not set up for use with LaTeX.

See the inputenc package documentation for explanation.
Type  H <return>  for immediate help.
 ...                                              
                                                  
l.3 –û—Ç—á
          –µ—Ç 5 —Å., 1 —Ä–∏—Å., 1 —Ç–∞–±–ª–∏—Ü–∞.
You may provide a definition with
\DeclareUnicodeCharacter 


! Package inputenc Error: Unicode character –µ (U+0435)
(inputenc)                not set up for use with LaTeX.

See the inputenc package documentation for explanation.
Type  H <return>  for immediate help.
 ...                                              
                                                  
l.3 –û—Ç—á–µ
            —Ç 5 —Å., 1 —Ä–∏—Å., 1 —Ç–∞–±–ª–∏—Ü–∞.
You may provide a definition with
\DeclareUnicodeCharacter 


! Package inputenc Error: Unicode character —Ç (U+0442)
(inputenc)                not set up for use with LaTeX.

See the inputenc package documentation for explanation.
Type  H <return>  for immediate help.
 ...                                              
                                                  
l.3 –û—Ç—á–µ—Ç
               5 —Å., 1 —Ä–∏—Å., 1 —Ç–∞–±–ª–∏—Ü–∞.
You may provide a definition with
\DeclareUnicodeCharacter 


! LaTeX Error: Missing \begin{document}.

See the LaTeX manual or LaTeX Companion for explanation.
Type  H <return>  for immediate help.
 ...                                              
                                                  
l.3 –û—Ç—á–µ—Ç 5
                 —Å., 1 —Ä–∏—Å., 1 —Ç–∞–±–ª–∏—Ü–∞.
You're in trouble here.  Try typing  <return>  to proceed.
If that doesn't work, type  X <return>  to quit.

Missing character: There is no 5 in font nullfont!

! Package inputenc Error: Unicode character —Å (U+0441)
(inputenc)                not set up for use with LaTeX.

See the inputenc package documentation for explanation.
Type  H <return>  for immediate help.
 ...                                              
                                                  
l.3 –û—Ç—á–µ—Ç 5 —Å
                   ., 1 —Ä–∏—Å., 1 —Ç–∞–±–ª–∏—Ü–∞.
You may provide a definition with
\DeclareUnicodeCharacter 

Missing character: There is no . in font nullfont!
Missing character: There is no , in font nullfont!
Missing character: There is no 1 in font nullfont!

! Package inputenc Error: Unicode character —Ä (U+0440)
(inputenc)                not set up for use with LaTeX.

See the inputenc package documentation for explanation.
Type  H <return>  for immediate help.
 ...                                              
                                                  
l.3 –û—Ç—á–µ—Ç 5 —Å., 1 —Ä
                          –∏—Å., 1 —Ç–∞–±–ª–∏—Ü–∞.
You may provide a definition with
\DeclareUnicodeCharacter 


! Package inputenc Error: Unicode character –∏ (U+0438)
(inputenc)                not set up for use with LaTeX.

See the inputenc package documentation for explanation.
Type  H <return>  for immediate help.
 ...                                              
                                                  
l.3 –û—Ç—á–µ—Ç 5 —Å., 1 —Ä–∏
                            —Å., 1 —Ç–∞–±–ª–∏—Ü–∞.
You may provide a definition with
\DeclareUnicodeCharacter 


! Package inputenc Error: Unicode character —Å (U+0441)
(inputenc)                not set up for use with LaTeX.

See the inputenc package documentation for explanation.
Type  H <return>  for immediate help.
 ...                                              
                                                  
l.3 –û—Ç—á–µ—Ç 5 —Å., 1 —Ä–∏—Å
                              ., 1 —Ç–∞–±–ª–∏—Ü–∞.
You may provide a definition with
\DeclareUnicodeCharacter 

Missing character: There is no . in font nullfont!
Missing character: There is no , in font nullfont!
Missing character: There is no 1 in font nullfont!

! Package inputenc Error: Unicode character —Ç (U+0442)
(inputenc)                not set up for use with LaTeX.

See the inputenc package documentation for explanation.
Type  H <return>  for immediate help.
 ...                                              
                                                  
l.3 –û—Ç—á–µ—Ç 5 —Å., 1 —Ä–∏—Å., 1 —Ç
                                     –∞–±–ª–∏—Ü–∞.
You may provide a definition with
\DeclareUnicodeCharacter 


! Package inputenc Error: Unicode character –∞ (U+0430)
(inputenc)                not set up for use with LaTeX.

See the inputenc package documentation for explanation.
Type  H <return>  for immediate help.
 ...                                              
                                                  
l.3 –û—Ç—á–µ—Ç 5 —Å., 1 —Ä–∏—Å., 1 —Ç–∞
                                       –±–ª–∏—Ü–∞.
You may provide a definition with
\DeclareUnicodeCharacter 


! Package inputenc Error: Unicode character –± (U+0431)
(inputenc)                not set up for use with LaTeX.

See the inputenc package documentation for explanation.
Type  H <return>  for immediate help.
 ...                                              
                                                  
l.3 –û—Ç—á–µ—Ç 5 —Å., 1 —Ä–∏—Å., 1 —Ç–∞–±
                                         –ª–∏—Ü–∞.
You may provide a definition with
\DeclareUnicodeCharacter 


! Package inputenc Error: Unicode character –ª (U+043B)
(inputenc)                not set up for use with LaTeX.

See the inputenc package documentation for explanation.
Type  H <return>  for immediate help.
 ...                                              
                                                  
l.3 –û—Ç—á–µ—Ç 5 —Å., 1 —Ä–∏—Å., 1 —Ç–∞–±–ª
                                           –∏—Ü–∞.
You may provide a definition with
\DeclareUnicodeCharacter 


! Package inputenc Error: Unicode character –∏ (U+0438)
(inputenc)                not set up for use with LaTeX.

See the inputenc package documentation for explanation.
Type  H <return>  for immediate help.
 ...                                              
                                                  
l.3 –û—Ç—á–µ—Ç 5 —Å., 1 —Ä–∏—Å., 1 —Ç–∞–±–ª–∏
                                             —Ü–∞.
You may provide a definition with
\DeclareUnicodeCharacter 


! Package inputenc Error: Unicode character —Ü (U+0446)
(inputenc)                not set up for use with LaTeX.

See the inputenc package documentation for explanation.
Type  H <return>  for immediate help.
 ...                                              
                                                  
l.3 –û—Ç—á–µ—Ç 5 —Å., 1 —Ä–∏—Å., 1 —Ç–∞–±–ª–∏—Ü
                                               –∞.
You may provide a definition with
\DeclareUnicodeCharacter 


! Package inputenc Error: Unicode character –∞ (U+0430)
(inputenc)                not set up for use with LaTeX.

See the inputenc package documentation for explanation.
Type  H <return>  for immediate help.
 ...                                              
                                                  
l.3 –û—Ç—á–µ—Ç 5 —Å., 1 —Ä–∏—Å., 1 —Ç–∞–±–ª–∏—Ü–∞
                                                 .
You may provide a definition with
\DeclareUnicodeCharacter 

Missing character: There is no . in font nullfont!

Overfull \hbox (20.0pt too wide) in paragraph at lines 3--4
[]
 []


! Package inputenc Error: Unicode character –ö (U+041A)
(inputenc)                not set up for use with LaTeX.

See the inputenc package documentation for explanation.
Type  H <return>  for immediate help.
 ...                                              
                                                  
l.6 –ö
      –ª—é—á–µ–≤—ã–µ —Å–ª–æ–≤–∞: –∏—Å–∫—É—Å—Å—Ç–≤–µ–Ω–Ω—ã–π –∏–Ω—Ç–µ–ª–ª–µ–∫...

You may provide a definition with
\DeclareUnicodeCharacter 


! Package inputenc Error: Unicode character –ª (U+043B)
(inputenc)                not set up for use with LaTeX.

See the inputenc package documentation for explanation.
Type  H <return>  for immediate help.
 ...                                              
                                                  
l.6 –ö–ª
        —é—á–µ–≤—ã–µ —Å–ª–æ–≤–∞: –∏—Å–∫—É—Å—Å—Ç–≤–µ–Ω–Ω—ã–π –∏–Ω—Ç–µ–ª–ª–µ–∫...

You may provide a definition with
\DeclareUnicodeCharacter 


! Package inputenc Error: Unicode character —é (U+044E)
(inputenc)                not set up for use with LaTeX.

See the inputenc package documentation for explanation.
Type  H <return>  for immediate help.
 ...                                              
                                                  
l.6 –ö–ª—é
          —á–µ–≤—ã–µ —Å–ª–æ–≤–∞: –∏—Å–∫—É—Å—Å—Ç–≤–µ–Ω–Ω—ã–π –∏–Ω—Ç–µ–ª–ª–µ–∫...

You may provide a definition with
\DeclareUnicodeCharacter 


! Package inputenc Error: Unicode character —á (U+0447)
(inputenc)                not set up for use with LaTeX.

See the inputenc package documentation for explanation.
Type  H <return>  for immediate help.
 ...                                              
                                                  
l.6 –ö–ª—é—á
            –µ–≤—ã–µ —Å–ª–æ–≤–∞: –∏—Å–∫—É—Å—Å—Ç–≤–µ–Ω–Ω—ã–π –∏–Ω—Ç–µ–ª–ª–µ–∫...

You may provide a definition with
\DeclareUnicodeCharacter 


! Package inputenc Error: Unicode character –µ (U+0435)
(inputenc)                not set up for use with LaTeX.

See the inputenc package documentation for explanation.
Type  H <return>  for immediate help.
 ...                                              
                                                  
l.6 –ö–ª—é—á–µ
              –≤—ã–µ —Å–ª–æ–≤–∞: –∏—Å–∫—É—Å—Å—Ç–≤–µ–Ω–Ω—ã–π –∏–Ω—Ç–µ–ª–ª–µ–∫...

You may provide a definition with
\DeclareUnicodeCharacter 


! Package inputenc Error: Unicode character –≤ (U+0432)
(inputenc)                not set up for use with LaTeX.

See the inputenc package documentation for explanation.
Type  H <return>  for immediate help.
 ...                                              
                                                  
l.6 –ö–ª—é—á–µ–≤
                —ã–µ —Å–ª–æ–≤–∞: –∏—Å–∫—É—Å—Å—Ç–≤–µ–Ω–Ω—ã–π –∏–Ω—Ç–µ–ª–ª–µ–∫...

You may provide a definition with
\DeclareUnicodeCharacter 


! Package inputenc Error: Unicode character —ã (U+044B)
(inputenc)                not set up for use with LaTeX.

See the inputenc package documentation for explanation.
Type  H <return>  for immediate help.
 ...                                              
                                                  
l.6 –ö–ª—é—á–µ–≤—ã
                  –µ —Å–ª–æ–≤–∞: –∏—Å–∫—É—Å—Å—Ç–≤–µ–Ω–Ω—ã–π –∏–Ω—Ç–µ–ª–ª–µ–∫...

You may provide a definition with
\DeclareUnicodeCharacter 


! Package inputenc Error: Unicode character –µ (U+0435)
(inputenc)                not set up for use with LaTeX.

See the inputenc package documentation for explanation.
Type  H <return>  for immediate help.
 ...                                              
                                                  
l.6 –ö–ª—é—á–µ–≤—ã–µ
                     —Å–ª–æ–≤–∞: –∏—Å–∫—É—Å—Å—Ç–≤–µ–Ω–Ω—ã–π –∏–Ω—Ç–µ–ª–ª–µ–∫...

You may provide a definition with
\DeclareUnicodeCharacter 


! Package inputenc Error: Unicode character —Å (U+0441)
(inputenc)                not set up for use with LaTeX.

See the inputenc package documentation for explanation.
Type  H <return>  for immediate help.
 ...                                              
                                                  
l.6 –ö–ª—é—á–µ–≤—ã–µ —Å
                       –ª–æ–≤–∞: –∏—Å–∫—É—Å—Å—Ç–≤–µ–Ω–Ω—ã–π –∏–Ω—Ç–µ–ª–ª–µ–∫...

You may provide a definition with
\DeclareUnicodeCharacter 


! Package inputenc Error: Unicode character –ª (U+043B)
(inputenc)                not set up for use with LaTeX.

See the inputenc package documentation for explanation.
Type  H <return>  for immediate help.
 ...                                              
                                                  
l.6 –ö–ª—é—á–µ–≤—ã–µ —Å–ª
                         –æ–≤–∞: –∏—Å–∫—É—Å—Å—Ç–≤–µ–Ω–Ω—ã–π –∏–Ω—Ç–µ–ª–ª–µ–∫...

You may provide a definition with
\DeclareUnicodeCharacter 


! Package inputenc Error: Unicode character –æ (U+043E)
(inputenc)                not set up for use with LaTeX.

See the inputenc package documentation for explanation.
Type  H <return>  for immediate help.
 ...                                              
                                                  
l.6 –ö–ª—é—á–µ–≤—ã–µ —Å–ª–æ
                           –≤–∞: –∏—Å–∫—É—Å—Å—Ç–≤–µ–Ω–Ω—ã–π –∏–Ω—Ç–µ–ª–ª–µ–∫...

You may provide a definition with
\DeclareUnicodeCharacter 


! Package inputenc Error: Unicode character –≤ (U+0432)
(inputenc)                not set up for use with LaTeX.

See the inputenc package documentation for explanation.
Type  H <return>  for immediate help.
 ...                                              
                                                  
l.6 –ö–ª—é—á–µ–≤—ã–µ —Å–ª–æ–≤
                             –∞: –∏—Å–∫—É—Å—Å—Ç–≤–µ–Ω–Ω—ã–π –∏–Ω—Ç–µ–ª–ª–µ–∫...

You may provide a definition with
\DeclareUnicodeCharacter 


! Package inputenc Error: Unicode character –∞ (U+0430)
(inputenc)                not set up for use with LaTeX.

See the inputenc package documentation for explanation.
Type  H <return>  for immediate help.
 ...                                              
                                                  
l.6 –ö–ª—é—á–µ–≤—ã–µ —Å–ª–æ–≤–∞
                               : –∏—Å–∫—É—Å—Å—Ç–≤–µ–Ω–Ω—ã–π –∏–Ω—Ç–µ–ª–ª–µ–∫...

You may provide a definition with
\DeclareUnicodeCharacter 


! LaTeX Error: Missing \begin{document}.

See the LaTeX manual or LaTeX Companion for explanation.
Type  H <return>  for immediate help.
 ...                                              
                                                  
l.6 –ö–ª—é—á–µ–≤—ã–µ —Å–ª–æ–≤–∞:
                                 –∏—Å–∫—É—Å—Å—Ç–≤–µ–Ω–Ω—ã–π –∏–Ω—Ç–µ–ª–ª–µ–∫...

You're in trouble here.  Try typing  <return>  to proceed.
If that doesn't work, type  X <return>  to quit.

Missing character: There is no : in font nullfont!

! Package inputenc Error: Unicode character –∏ (U+0438)
(inputenc)                not set up for use with LaTeX.

See the inputenc package documentation for explanation.
Type  H <return>  for immediate help.
 ...                                              
                                                  
l.6 –ö–ª—é—á–µ–≤—ã–µ —Å–ª–æ–≤–∞: –∏
                                   —Å–∫—É—Å—Å—Ç–≤–µ–Ω–Ω—ã–π –∏–Ω—Ç–µ–ª–ª–µ–∫...

You may provide a definition with
\DeclareUnicodeCharacter 


! Package inputenc Error: Unicode character —Å (U+0441)
(inputenc)                not set up for use with LaTeX.

See the inputenc package documentation for explanation.
Type  H <return>  for immediate help.
 ...                                              
                                                  
l.6 –ö–ª—é—á–µ–≤—ã–µ —Å–ª–æ–≤–∞: –∏—Å
                                     –∫—É—Å—Å—Ç–≤–µ–Ω–Ω—ã–π –∏–Ω—Ç–µ–ª–ª–µ–∫...

You may provide a definition with
\DeclareUnicodeCharacter 


! Package inputenc Error: Unicode character –∫ (U+043A)
(inputenc)                not set up for use with LaTeX.

See the inputenc package documentation for explanation.
Type  H <return>  for immediate help.
 ...                                              
                                                  
l.6 –ö–ª—é—á–µ–≤—ã–µ —Å–ª–æ–≤–∞: –∏—Å–∫
                                       —É—Å—Å—Ç–≤–µ–Ω–Ω—ã–π –∏–Ω—Ç–µ–ª–ª–µ–∫...

You may provide a definition with
\DeclareUnicodeCharacter 


! Package inputenc Error: Unicode character —É (U+0443)
(inputenc)                not set up for use with LaTeX.

See the inputenc package documentation for explanation.
Type  H <return>  for immediate help.
 ...                                              
                                                  
l.6 –ö–ª—é—á–µ–≤—ã–µ —Å–ª–æ–≤–∞: –∏—Å–∫—É
                                         —Å—Å—Ç–≤–µ–Ω–Ω—ã–π –∏–Ω—Ç–µ–ª–ª–µ–∫...

You may provide a definition with
\DeclareUnicodeCharacter 


! Package inputenc Error: Unicode character —Å (U+0441)
(inputenc)                not set up for use with LaTeX.

See the inputenc package documentation for explanation.
Type  H <return>  for immediate help.
 ...                                              
                                                  
l.6 –ö–ª—é—á–µ–≤—ã–µ —Å–ª–æ–≤–∞: –∏—Å–∫—É—Å
                                           —Å—Ç–≤–µ–Ω–Ω—ã–π –∏–Ω—Ç–µ–ª–ª–µ–∫...

You may provide a definition with
\DeclareUnicodeCharacter 


! Package inputenc Error: Unicode character —Å (U+0441)
(inputenc)                not set up for use with LaTeX.

See the inputenc package documentation for explanation.
Type  H <return>  for immediate help.
 ...                                              
                                                  
l.6 –ö–ª—é—á–µ–≤—ã–µ —Å–ª–æ–≤–∞: –∏—Å–∫—É—Å—Å
                                             —Ç–≤–µ–Ω–Ω—ã–π –∏–Ω—Ç–µ–ª–ª–µ–∫...

You may provide a definition with
\DeclareUnicodeCharacter 


! Package inputenc Error: Unicode character —Ç (U+0442)
(inputenc)                not set up for use with LaTeX.

See the inputenc package documentation for explanation.
Type  H <return>  for immediate help.
 ...                                              
                                                  
l.6 –ö–ª—é—á–µ–≤—ã–µ —Å–ª–æ–≤–∞: –∏—Å–∫—É—Å—Å—Ç
                                               –≤–µ–Ω–Ω—ã–π –∏–Ω—Ç–µ–ª–ª–µ–∫...

You may provide a definition with
\DeclareUnicodeCharacter 


! Package inputenc Error: Unicode character –≤ (U+0432)
(inputenc)                not set up for use with LaTeX.

See the inputenc package documentation for explanation.
Type  H <return>  for immediate help.
 ...                                              
                                                  
l.6 –ö–ª—é—á–µ–≤—ã–µ —Å–ª–æ–≤–∞: –∏—Å–∫—É—Å—Å—Ç–≤
                                                 –µ–Ω–Ω—ã–π –∏–Ω—Ç–µ–ª–ª–µ–∫...

You may provide a definition with
\DeclareUnicodeCharacter 


! Package inputenc Error: Unicode character –µ (U+0435)
(inputenc)                not set up for use with LaTeX.

See the inputenc package documentation for explanation.
Type  H <return>  for immediate help.
 ...                                              
                                                  
l.6 ...—é—á–µ–≤—ã–µ —Å–ª–æ–≤–∞: –∏—Å–∫—É—Å—Å—Ç–≤–µ
                                                  –Ω–Ω—ã–π –∏–Ω—Ç–µ–ª–ª–µ–∫—...

You may provide a definition with
\DeclareUnicodeCharacter 


! Package inputenc Error: Unicode character –Ω (U+043D)
(inputenc)                not set up for use with LaTeX.

See the inputenc package documentation for explanation.
Type  H <return>  for immediate help.
 ...                                              
                                                  
l.6 ...—á–µ–≤—ã–µ —Å–ª–æ–≤–∞: –∏—Å–∫—É—Å—Å—Ç–≤–µ–Ω
                                                  –Ω—ã–π –∏–Ω—Ç–µ–ª–ª–µ–∫—Ç,...

You may provide a definition with
\DeclareUnicodeCharacter 


! Package inputenc Error: Unicode character –Ω (U+043D)
(inputenc)                not set up for use with LaTeX.

See the inputenc package documentation for explanation.
Type  H <return>  for immediate help.
 ...                                              
                                                  
l.6 ...–µ–≤—ã–µ —Å–ª–æ–≤–∞: –∏—Å–∫—É—Å—Å—Ç–≤–µ–Ω–Ω
                                                  —ã–π –∏–Ω—Ç–µ–ª–ª–µ–∫—Ç, –...

You may provide a definition with
\DeclareUnicodeCharacter 


! Package inputenc Error: Unicode character —ã (U+044B)
(inputenc)                not set up for use with LaTeX.

See the inputenc package documentation for explanation.
Type  H <return>  for immediate help.
 ...                                              
                                                  
l.6 ...–≤—ã–µ —Å–ª–æ–≤–∞: –∏—Å–∫—É—Å—Å—Ç–≤–µ–Ω–Ω—ã
                                                  –π –∏–Ω—Ç–µ–ª–ª–µ–∫—Ç, –º–...

You may provide a definition with
\DeclareUnicodeCharacter 


! Package inputenc Error: Unicode character –π (U+0439)
(inputenc)                not set up for use with LaTeX.

See the inputenc package documentation for explanation.
Type  H <return>  for immediate help.
 ...                                              
                                                  
l.6 ...—ã–µ —Å–ª–æ–≤–∞: –∏—Å–∫—É—Å—Å—Ç–≤–µ–Ω–Ω—ã–π
                                                   –∏–Ω—Ç–µ–ª–ª–µ–∫—Ç, –º–∞—...

You may provide a definition with
\DeclareUnicodeCharacter 


! Package inputenc Error: Unicode character –∏ (U+0438)
(inputenc)                not set up for use with LaTeX.

See the inputenc package documentation for explanation.
Type  H <return>  for immediate help.
 ...                                              
                                                  
l.6 ...µ —Å–ª–æ–≤–∞: –∏—Å–∫—É—Å—Å—Ç–≤–µ–Ω–Ω—ã–π –∏
                                                  –Ω—Ç–µ–ª–ª–µ–∫—Ç, –º–∞—à–∏...

You may provide a definition with
\DeclareUnicodeCharacter 


! Package inputenc Error: Unicode character –Ω (U+043D)
(inputenc)                not set up for use with LaTeX.

See the inputenc package documentation for explanation.
Type  H <return>  for immediate help.
 ...                                              
                                                  
l.6 ...—Å–ª–æ–≤–∞: –∏—Å–∫—É—Å—Å—Ç–≤–µ–Ω–Ω—ã–π –∏–Ω
                                                  —Ç–µ–ª–ª–µ–∫—Ç, –º–∞—à–∏–Ω...

You may provide a definition with
\DeclareUnicodeCharacter 


! Package inputenc Error: Unicode character —Ç (U+0442)
(inputenc)                not set up for use with LaTeX.

See the inputenc package documentation for explanation.
Type  H <return>  for immediate help.
 ...                                              
                                                  
l.6 ...–ª–æ–≤–∞: –∏—Å–∫—É—Å—Å—Ç–≤–µ–Ω–Ω—ã–π –∏–Ω—Ç
                                                  –µ–ª–ª–µ–∫—Ç, –º–∞—à–∏–Ω–Ω...

You may provide a definition with
\DeclareUnicodeCharacter 


! Package inputenc Error: Unicode character –µ (U+0435)
(inputenc)                not set up for use with LaTeX.

See the inputenc package documentation for explanation.
Type  H <return>  for immediate help.
 ...                                              
                                                  
l.6 ...–æ–≤–∞: –∏—Å–∫—É—Å—Å—Ç–≤–µ–Ω–Ω—ã–π –∏–Ω—Ç–µ
                                                  –ª–ª–µ–∫—Ç, –º–∞—à–∏–Ω–Ω–æ...

You may provide a definition with
\DeclareUnicodeCharacter 


! Package inputenc Error: Unicode character –ª (U+043B)
(inputenc)                not set up for use with LaTeX.

See the inputenc package documentation for explanation.
Type  H <return>  for immediate help.
 ...                                              
                                                  
l.6 ...–≤–∞: –∏—Å–∫—É—Å—Å—Ç–≤–µ–Ω–Ω—ã–π –∏–Ω—Ç–µ–ª
                                                  –ª–µ–∫—Ç, –º–∞—à–∏–Ω–Ω–æ–µ...

You may provide a definition with
\DeclareUnicodeCharacter 


! Package inputenc Error: Unicode character –ª (U+043B)
(inputenc)                not set up for use with LaTeX.

See the inputenc package documentation for explanation.
Type  H <return>  for immediate help.
 ...                                              
                                                  
l.6 ...–∞: –∏—Å–∫—É—Å—Å—Ç–≤–µ–Ω–Ω—ã–π –∏–Ω—Ç–µ–ª–ª
                                                  –µ–∫—Ç, –º–∞—à–∏–Ω–Ω–æ–µ –...

You may provide a definition with
\DeclareUnicodeCharacter 


! Package inputenc Error: Unicode character –µ (U+0435)
(inputenc)                not set up for use with LaTeX.

See the inputenc package documentation for explanation.
Type  H <return>  for immediate help.
 ...                                              
                                                  
l.6 ...: –∏—Å–∫—É—Å—Å—Ç–≤–µ–Ω–Ω—ã–π –∏–Ω—Ç–µ–ª–ª–µ
                                                  –∫—Ç, –º–∞—à–∏–Ω–Ω–æ–µ –æ–...

You may provide a definition with
\DeclareUnicodeCharacter 


! Package inputenc Error: Unicode character –∫ (U+043A)
(inputenc)                not set up for use with LaTeX.

See the inputenc package documentation for explanation.
Type  H <return>  for immediate help.
 ...                                              
                                                  
l.6 ...–∏—Å–∫—É—Å—Å—Ç–≤–µ–Ω–Ω—ã–π –∏–Ω—Ç–µ–ª–ª–µ–∫
                                                  —Ç, –º–∞—à–∏–Ω–Ω–æ–µ –æ–±—...

You may provide a definition with
\DeclareUnicodeCharacter 


! Package inputenc Error: Unicode character —Ç (U+0442)
(inputenc)                not set up for use with LaTeX.

See the inputenc package documentation for explanation.
Type  H <return>  for immediate help.
 ...                                              
                                                  
l.6 ...—Å–∫—É—Å—Å—Ç–≤–µ–Ω–Ω—ã–π –∏–Ω—Ç–µ–ª–ª–µ–∫—Ç
                                                  , –º–∞—à–∏–Ω–Ω–æ–µ –æ–±—É—...

You may provide a definition with
\DeclareUnicodeCharacter 

Missing character: There is no , in font nullfont!

! Package inputenc Error: Unicode character –º (U+043C)
(inputenc)                not set up for use with LaTeX.

See the inputenc package documentation for explanation.
Type  H <return>  for immediate help.
 ...                                              
                                                  
l.6 ...—É—Å—Å—Ç–≤–µ–Ω–Ω—ã–π –∏–Ω—Ç–µ–ª–ª–µ–∫—Ç, –º
                                                  –∞—à–∏–Ω–Ω–æ–µ –æ–±—É—á–µ–...

You may provide a definition with
\DeclareUnicodeCharacter 


! Package inputenc Error: Unicode character –∞ (U+0430)
(inputenc)                not set up for use with LaTeX.

See the inputenc package documentation for explanation.
Type  H <return>  for immediate help.
 ...                                              
                                                  
l.6 ...—Å—Å—Ç–≤–µ–Ω–Ω—ã–π –∏–Ω—Ç–µ–ª–ª–µ–∫—Ç, –º–∞
                                                  —à–∏–Ω–Ω–æ–µ –æ–±—É—á–µ–Ω–...

You may provide a definition with
\DeclareUnicodeCharacter 


! Package inputenc Error: Unicode character —à (U+0448)
(inputenc)                not set up for use with LaTeX.

See the inputenc package documentation for explanation.
Type  H <return>  for immediate help.
 ...                                              
                                                  
l.6 ...—Å—Ç–≤–µ–Ω–Ω—ã–π –∏–Ω—Ç–µ–ª–ª–µ–∫—Ç, –º–∞—à
                                                  –∏–Ω–Ω–æ–µ –æ–±—É—á–µ–Ω–∏–...

You may provide a definition with
\DeclareUnicodeCharacter 


! Package inputenc Error: Unicode character –∏ (U+0438)
(inputenc)                not set up for use with LaTeX.

See the inputenc package documentation for explanation.
Type  H <return>  for immediate help.
 ...                                              
                                                  
l.6 ...—Ç–≤–µ–Ω–Ω—ã–π –∏–Ω—Ç–µ–ª–ª–µ–∫—Ç, –º–∞—à–∏
                                                  –Ω–Ω–æ–µ –æ–±—É—á–µ–Ω–∏–µ,...

You may provide a definition with
\DeclareUnicodeCharacter 


! Package inputenc Error: Unicode character –Ω (U+043D)
(inputenc)                not set up for use with LaTeX.

See the inputenc package documentation for explanation.
Type  H <return>  for immediate help.
 ...                                              
                                                  
l.6 ...–≤–µ–Ω–Ω—ã–π –∏–Ω—Ç–µ–ª–ª–µ–∫—Ç, –º–∞—à–∏–Ω
                                                  –Ω–æ–µ –æ–±—É—á–µ–Ω–∏–µ, –...

You may provide a definition with
\DeclareUnicodeCharacter 


! Package inputenc Error: Unicode character –Ω (U+043D)
(inputenc)                not set up for use with LaTeX.

See the inputenc package documentation for explanation.
Type  H <return>  for immediate help.
 ...                                              
                                                  
l.6 ...–µ–Ω–Ω—ã–π –∏–Ω—Ç–µ–ª–ª–µ–∫—Ç, –º–∞—à–∏–Ω–Ω
                                                  –æ–µ –æ–±—É—á–µ–Ω–∏–µ, –∑–...

You may provide a definition with
\DeclareUnicodeCharacter 


! Package inputenc Error: Unicode character –æ (U+043E)
(inputenc)                not set up for use with LaTeX.

See the inputenc package documentation for explanation.
Type  H <return>  for immediate help.
 ...                                              
                                                  
l.6 ...–Ω–Ω—ã–π –∏–Ω—Ç–µ–ª–ª–µ–∫—Ç, –º–∞—à–∏–Ω–Ω–æ
                                                  –µ –æ–±—É—á–µ–Ω–∏–µ, –∑–∞–...

You may provide a definition with
\DeclareUnicodeCharacter 


! Package inputenc Error: Unicode character –µ (U+0435)
(inputenc)                not set up for use with LaTeX.

See the inputenc package documentation for explanation.
Type  H <return>  for immediate help.
 ...                                              
                                                  
l.6 ...–Ω—ã–π –∏–Ω—Ç–µ–ª–ª–µ–∫—Ç, –º–∞—à–∏–Ω–Ω–æ–µ
                                                   –æ–±—É—á–µ–Ω–∏–µ, –∑–∞–¥–...

You may provide a definition with
\DeclareUnicodeCharacter 


! Package inputenc Error: Unicode character –æ (U+043E)
(inputenc)                not set up for use with LaTeX.

See the inputenc package documentation for explanation.
Type  H <return>  for immediate help.
 ...                                              
                                                  
l.6 ...ã–π –∏–Ω—Ç–µ–ª–ª–µ–∫—Ç, –º–∞—à–∏–Ω–Ω–æ–µ –æ
                                                  –±—É—á–µ–Ω–∏–µ, –∑–∞–¥–∞—á...

You may provide a definition with
\DeclareUnicodeCharacter 


! Package inputenc Error: Unicode character –± (U+0431)
(inputenc)                not set up for use with LaTeX.

See the inputenc package documentation for explanation.
Type  H <return>  for immediate help.
 ...                                              
                                                  
l.6 ...π –∏–Ω—Ç–µ–ª–ª–µ–∫—Ç, –º–∞—à–∏–Ω–Ω–æ–µ –æ–±
                                                  —É—á–µ–Ω–∏–µ, –∑–∞–¥–∞—á–∞...

You may provide a definition with
\DeclareUnicodeCharacter 


! Package inputenc Error: Unicode character —É (U+0443)
(inputenc)                not set up for use with LaTeX.

See the inputenc package documentation for explanation.
Type  H <return>  for immediate help.
 ...                                              
                                                  
l.6 ...–∏–Ω—Ç–µ–ª–ª–µ–∫—Ç, –º–∞—à–∏–Ω–Ω–æ–µ –æ–±—É
                                                  —á–µ–Ω–∏–µ, –∑–∞–¥–∞—á–∞ —...

You may provide a definition with
\DeclareUnicodeCharacter 


! Package inputenc Error: Unicode character —á (U+0447)
(inputenc)                not set up for use with LaTeX.

See the inputenc package documentation for explanation.
Type  H <return>  for immediate help.
 ...                                              
                                                  
l.6 ...–Ω—Ç–µ–ª–ª–µ–∫—Ç, –º–∞—à–∏–Ω–Ω–æ–µ –æ–±—É—á
                                                  –µ–Ω–∏–µ, –∑–∞–¥–∞—á–∞ —Ä–...

You may provide a definition with
\DeclareUnicodeCharacter 


! Package inputenc Error: Unicode character –µ (U+0435)
(inputenc)                not set up for use with LaTeX.

See the inputenc package documentation for explanation.
Type  H <return>  for immediate help.
 ...                                              
                                                  
l.6 ...—Ç–µ–ª–ª–µ–∫—Ç, –º–∞—à–∏–Ω–Ω–æ–µ –æ–±—É—á–µ
                                                  –Ω–∏–µ, –∑–∞–¥–∞—á–∞ —Ä–µ–...

You may provide a definition with
\DeclareUnicodeCharacter 


! Package inputenc Error: Unicode character –Ω (U+043D)
(inputenc)                not set up for use with LaTeX.

See the inputenc package documentation for explanation.
Type  H <return>  for immediate help.
 ...                                              
                                                  
l.6 ...–µ–ª–ª–µ–∫—Ç, –º–∞—à–∏–Ω–Ω–æ–µ –æ–±—É—á–µ–Ω
                                                  –∏–µ, –∑–∞–¥–∞—á–∞ —Ä–µ–≥—...

You may provide a definition with
\DeclareUnicodeCharacter 


! Package inputenc Error: Unicode character –∏ (U+0438)
(inputenc)                not set up for use with LaTeX.

See the inputenc package documentation for explanation.
Type  H <return>  for immediate help.
 ...                                              
                                                  
l.6 ...–ª–ª–µ–∫—Ç, –º–∞—à–∏–Ω–Ω–æ–µ –æ–±—É—á–µ–Ω–∏
                                                  –µ, –∑–∞–¥–∞—á–∞ —Ä–µ–≥—Ä–...

You may provide a definition with
\DeclareUnicodeCharacter 


! Package inputenc Error: Unicode character –µ (U+0435)
(inputenc)                not set up for use with LaTeX.

See the inputenc package documentation for explanation.
Type  H <return>  for immediate help.
 ...                                              
                                                  
l.6 ...–ª–µ–∫—Ç, –º–∞—à–∏–Ω–Ω–æ–µ –æ–±—É—á–µ–Ω–∏–µ
                                                  , –∑–∞–¥–∞—á–∞ —Ä–µ–≥—Ä–µ—...

You may provide a definition with
\DeclareUnicodeCharacter 

Missing character: There is no , in font nullfont!

! Package inputenc Error: Unicode character –∑ (U+0437)
(inputenc)                not set up for use with LaTeX.

See the inputenc package documentation for explanation.
Type  H <return>  for immediate help.
 ...                                              
                                                  
l.6 ...–∫—Ç, –º–∞—à–∏–Ω–Ω–æ–µ –æ–±—É—á–µ–Ω–∏–µ, –∑
                                                  –∞–¥–∞—á–∞ —Ä–µ–≥—Ä–µ—Å—Å–...

You may provide a definition with
\DeclareUnicodeCharacter 


! Package inputenc Error: Unicode character –∞ (U+0430)
(inputenc)                not set up for use with LaTeX.

See the inputenc package documentation for explanation.
Type  H <return>  for immediate help.
 ...                                              
                                                  
l.6 ...—Ç, –º–∞—à–∏–Ω–Ω–æ–µ –æ–±—É—á–µ–Ω–∏–µ, –∑–∞
                                                  –¥–∞—á–∞ —Ä–µ–≥—Ä–µ—Å—Å–∏–...

You may provide a definition with
\DeclareUnicodeCharacter 


! Package inputenc Error: Unicode character –¥ (U+0434)
(inputenc)                not set up for use with LaTeX.

See the inputenc package documentation for explanation.
Type  H <return>  for immediate help.
 ...                                              
                                                  
l.6 ..., –º–∞—à–∏–Ω–Ω–æ–µ –æ–±—É—á–µ–Ω–∏–µ, –∑–∞–¥
                                                  –∞—á–∞ —Ä–µ–≥—Ä–µ—Å—Å–∏–∏,...

You may provide a definition with
\DeclareUnicodeCharacter 


! Package inputenc Error: Unicode character –∞ (U+0430)
(inputenc)                not set up for use with LaTeX.

See the inputenc package documentation for explanation.
Type  H <return>  for immediate help.
 ...                                              
                                                  
l.6 ...–º–∞—à–∏–Ω–Ω–æ–µ –æ–±—É—á–µ–Ω–∏–µ, –∑–∞–¥–∞
                                                  —á–∞ —Ä–µ–≥—Ä–µ—Å—Å–∏–∏, –...

You may provide a definition with
\DeclareUnicodeCharacter 


! Package inputenc Error: Unicode character —á (U+0447)
(inputenc)                not set up for use with LaTeX.

See the inputenc package documentation for explanation.
Type  H <return>  for immediate help.
 ...                                              
                                                  
l.6 ...–∞—à–∏–Ω–Ω–æ–µ –æ–±—É—á–µ–Ω–∏–µ, –∑–∞–¥–∞—á
                                                  –∞ —Ä–µ–≥—Ä–µ—Å—Å–∏–∏, –±–...

You may provide a definition with
\DeclareUnicodeCharacter 


! Package inputenc Error: Unicode character –∞ (U+0430)
(inputenc)                not set up for use with LaTeX.

See the inputenc package documentation for explanation.
Type  H <return>  for immediate help.
 ...                                              
                                                  
l.6 ...—à–∏–Ω–Ω–æ–µ –æ–±—É—á–µ–Ω–∏–µ, –∑–∞–¥–∞—á–∞
                                                   —Ä–µ–≥—Ä–µ—Å—Å–∏–∏, –±–∞–...

You may provide a definition with
\DeclareUnicodeCharacter 


! Package inputenc Error: Unicode character —Ä (U+0440)
(inputenc)                not set up for use with LaTeX.

See the inputenc package documentation for explanation.
Type  H <return>  for immediate help.
 ...                                              
                                                  
l.6 ...∏–Ω–Ω–æ–µ –æ–±—É—á–µ–Ω–∏–µ, –∑–∞–¥–∞—á–∞ —Ä
                                                  –µ–≥—Ä–µ—Å—Å–∏–∏, –±–∞–∑–∞...

You may provide a definition with
\DeclareUnicodeCharacter 


! Package inputenc Error: Unicode character –µ (U+0435)
(inputenc)                not set up for use with LaTeX.

See the inputenc package documentation for explanation.
Type  H <return>  for immediate help.
 ...                                              
                                                  
l.6 ...Ω–Ω–æ–µ –æ–±—É—á–µ–Ω–∏–µ, –∑–∞–¥–∞—á–∞ —Ä–µ
                                                  –≥—Ä–µ—Å—Å–∏–∏, –±–∞–∑–∞ –...

You may provide a definition with
\DeclareUnicodeCharacter 


! Package inputenc Error: Unicode character –≥ (U+0433)
(inputenc)                not set up for use with LaTeX.

See the inputenc package documentation for explanation.
Type  H <return>  for immediate help.
 ...                                              
                                                  
l.6 ...Ω–æ–µ –æ–±—É—á–µ–Ω–∏–µ, –∑–∞–¥–∞—á–∞ —Ä–µ–≥
                                                  —Ä–µ—Å—Å–∏–∏, –±–∞–∑–∞ –¥–...

You may provide a definition with
\DeclareUnicodeCharacter 


! Package inputenc Error: Unicode character —Ä (U+0440)
(inputenc)                not set up for use with LaTeX.

See the inputenc package documentation for explanation.
Type  H <return>  for immediate help.
 ...                                              
                                                  
l.6 ...æ–µ –æ–±—É—á–µ–Ω–∏–µ, –∑–∞–¥–∞—á–∞ —Ä–µ–≥—Ä
                                                  –µ—Å—Å–∏–∏, –±–∞–∑–∞ –¥–∞–...

You may provide a definition with
\DeclareUnicodeCharacter 


! Package inputenc Error: Unicode character –µ (U+0435)
(inputenc)                not set up for use with LaTeX.

See the inputenc package documentation for explanation.
Type  H <return>  for immediate help.
 ...                                              
                                                  
l.6 ...µ –æ–±—É—á–µ–Ω–∏–µ, –∑–∞–¥–∞—á–∞ —Ä–µ–≥—Ä–µ
                                                  —Å—Å–∏–∏, –±–∞–∑–∞ –¥–∞–Ω–...

You may provide a definition with
\DeclareUnicodeCharacter 


! Package inputenc Error: Unicode character —Å (U+0441)
(inputenc)                not set up for use with LaTeX.

See the inputenc package documentation for explanation.
Type  H <return>  for immediate help.
 ...                                              
                                                  
l.6 ...–æ–±—É—á–µ–Ω–∏–µ, –∑–∞–¥–∞—á–∞ —Ä–µ–≥—Ä–µ—Å
                                                  —Å–∏–∏, –±–∞–∑–∞ –¥–∞–Ω–Ω—ã—Ö

You may provide a definition with
\DeclareUnicodeCharacter 


! Package inputenc Error: Unicode character —Å (U+0441)
(inputenc)                not set up for use with LaTeX.

See the inputenc package documentation for explanation.
Type  H <return>  for immediate help.
 ...                                              
                                                  
l.6 ...–±—É—á–µ–Ω–∏–µ, –∑–∞–¥–∞—á–∞ —Ä–µ–≥—Ä–µ—Å—Å
                                                  –∏–∏, –±–∞–∑–∞ –¥–∞–Ω–Ω—ã—Ö
You may provide a definition with
\DeclareUnicodeCharacter 


! Package inputenc Error: Unicode character –∏ (U+0438)
(inputenc)                not set up for use with LaTeX.

See the inputenc package documentation for explanation.
Type  H <return>  for immediate help.
 ...                                              
                                                  
l.6 ...—É—á–µ–Ω–∏–µ, –∑–∞–¥–∞—á–∞ —Ä–µ–≥—Ä–µ—Å—Å–∏
                                                  –∏, –±–∞–∑–∞ –¥–∞–Ω–Ω—ã—Ö
You may provide a definition with
\DeclareUnicodeCharacter 


! Package inputenc Error: Unicode character –∏ (U+0438)
(inputenc)                not set up for use with LaTeX.

See the inputenc package documentation for explanation.
Type  H <return>  for immediate help.
 ...                                              
                                                  
l.6 ...—á–µ–Ω–∏–µ, –∑–∞–¥–∞—á–∞ —Ä–µ–≥—Ä–µ—Å—Å–∏–∏
                                                  , –±–∞–∑–∞ –¥–∞–Ω–Ω—ã—Ö
You may provide a definition with
\DeclareUnicodeCharacter 

Missing character: There is no , in font nullfont!

! Package inputenc Error: Unicode character –± (U+0431)
(inputenc)                not set up for use with LaTeX.

See the inputenc package documentation for explanation.
Type  H <return>  for immediate help.
 ...                                              
                                                  
l.6 ...–Ω–∏–µ, –∑–∞–¥–∞—á–∞ —Ä–µ–≥—Ä–µ—Å—Å–∏–∏, –±
                                                  –∞–∑–∞ –¥–∞–Ω–Ω—ã—Ö
You may provide a definition with
\DeclareUnicodeCharacter 


! Package inputenc Error: Unicode character –∞ (U+0430)
(inputenc)                not set up for use with LaTeX.

See the inputenc package documentation for explanation.
Type  H <return>  for immediate help.
 ...                                              
                                                  
l.6 ...–∏–µ, –∑–∞–¥–∞—á–∞ —Ä–µ–≥—Ä–µ—Å—Å–∏–∏, –±–∞
                                                  –∑–∞ –¥–∞–Ω–Ω—ã—Ö
You may provide a definition with
\DeclareUnicodeCharacter 


! Package inputenc Error: Unicode character –∑ (U+0437)
(inputenc)                not set up for use with LaTeX.

See the inputenc package documentation for explanation.
Type  H <return>  for immediate help.
 ...                                              
                                                  
l.6 ...–µ, –∑–∞–¥–∞—á–∞ —Ä–µ–≥—Ä–µ—Å—Å–∏–∏, –±–∞–∑
                                                  –∞ –¥–∞–Ω–Ω—ã—Ö
You may provide a definition with
\DeclareUnicodeCharacter 


! Package inputenc Error: Unicode character –∞ (U+0430)
(inputenc)                not set up for use with LaTeX.

See the inputenc package documentation for explanation.
Type  H <return>  for immediate help.
 ...                                              
                                                  
l.6 ..., –∑–∞–¥–∞—á–∞ —Ä–µ–≥—Ä–µ—Å—Å–∏–∏, –±–∞–∑–∞
                                                   –¥–∞–Ω–Ω—ã—Ö
You may provide a definition with
\DeclareUnicodeCharacter 


! Package inputenc Error: Unicode character –¥ (U+0434)
(inputenc)                not set up for use with LaTeX.

See the inputenc package documentation for explanation.
Type  H <return>  for immediate help.
 ...                                              
                                                  
l.6 ...∑–∞–¥–∞—á–∞ —Ä–µ–≥—Ä–µ—Å—Å–∏–∏, –±–∞–∑–∞ –¥
                                                  –∞–Ω–Ω—ã—Ö
You may provide a definition with
\DeclareUnicodeCharacter 


! Package inputenc Error: Unicode character –∞ (U+0430)
(inputenc)                not set up for use with LaTeX.

See the inputenc package documentation for explanation.
Type  H <return>  for immediate help.
 ...                                              
                                                  
l.6 ...∞–¥–∞—á–∞ —Ä–µ–≥—Ä–µ—Å—Å–∏–∏, –±–∞–∑–∞ –¥–∞
                                                  –Ω–Ω—ã—Ö
You may provide a definition with
\DeclareUnicodeCharacter 


! Package inputenc Error: Unicode character –Ω (U+043D)
(inputenc)                not set up for use with LaTeX.

See the inputenc package documentation for explanation.
Type  H <return>  for immediate help.
 ...                                              
                                                  
l.6 ...¥–∞—á–∞ —Ä–µ–≥—Ä–µ—Å—Å–∏–∏, –±–∞–∑–∞ –¥–∞–Ω
                                                  –Ω—ã—Ö
You may provide a definition with
\DeclareUnicodeCharacter 


! Package inputenc Error: Unicode character –Ω (U+043D)
(inputenc)                not set up for use with LaTeX.

See the inputenc package documentation for explanation.
Type  H <return>  for immediate help.
 ...                                              
                                                  
l.6 ...∞—á–∞ —Ä–µ–≥—Ä–µ—Å—Å–∏–∏, –±–∞–∑–∞ –¥–∞–Ω–Ω
                                                  —ã—Ö
You may provide a definition with
\DeclareUnicodeCharacter 


! Package inputenc Error: Unicode character —ã (U+044B)
(inputenc)                not set up for use with LaTeX.

See the inputenc package documentation for explanation.
Type  H <return>  for immediate help.
 ...                                              
                                                  
l.6 ...á–∞ —Ä–µ–≥—Ä–µ—Å—Å–∏–∏, –±–∞–∑–∞ –¥–∞–Ω–Ω—ã
                                                  —Ö
You may provide a definition with
\DeclareUnicodeCharacter 


! Package inputenc Error: Unicode character —Ö (U+0445)
(inputenc)                not set up for use with LaTeX.

See the inputenc package documentation for explanation.
Type  H <return>  for immediate help.
 ...                                              
                                                  
l.6 ...∞ —Ä–µ–≥—Ä–µ—Å—Å–∏–∏, –±–∞–∑–∞ –¥–∞–Ω–Ω—ã—Ö
                                                  
You may provide a definition with
\DeclareUnicodeCharacter 


Overfull \hbox (20.0pt too wide) in paragraph at lines 6--7
[]
 []


! Package inputenc Error: Unicode character –¶ (U+0426)
(inputenc)                not set up for use with LaTeX.

See the inputenc package documentation for explanation.
Type  H <return>  for immediate help.
 ...                                              
                                                  
l.9 –¶
      –µ–ª—å –≤—ã–ø–æ–ª–Ω–µ–Ω–∏—è –ù–ò–û–ö–†: —Ä–∞–∑—Ä–∞–±–æ—Ç–∫–∞ –ø—Ä–æ–≥—...

You may provide a definition with
\DeclareUnicodeCharacter 


! Package inputenc Error: Unicode character –µ (U+0435)
(inputenc)                not set up for use with LaTeX.

See the inputenc package documentation for explanation.
Type  H <return>  for immediate help.
 ...                                              
                                                  
l.9 –¶–µ
        –ª—å –≤—ã–ø–æ–ª–Ω–µ–Ω–∏—è –ù–ò–û–ö–†: —Ä–∞–∑—Ä–∞–±–æ—Ç–∫–∞ –ø—Ä–æ–≥—...

You may provide a definition with
\DeclareUnicodeCharacter 


! Package inputenc Error: Unicode character –ª (U+043B)
(inputenc)                not set up for use with LaTeX.

See the inputenc package documentation for explanation.
Type  H <return>  for immediate help.
 ...                                              
                                                  
l.9 –¶–µ–ª
          —å –≤—ã–ø–æ–ª–Ω–µ–Ω–∏—è –ù–ò–û–ö–†: —Ä–∞–∑—Ä–∞–±–æ—Ç–∫–∞ –ø—Ä–æ–≥—...

You may provide a definition with
\DeclareUnicodeCharacter 


! Package inputenc Error: Unicode character —å (U+044C)
(inputenc)                not set up for use with LaTeX.

See the inputenc package documentation for explanation.
Type  H <return>  for immediate help.
 ...                                              
                                                  
l.9 –¶–µ–ª—å
             –≤—ã–ø–æ–ª–Ω–µ–Ω–∏—è –ù–ò–û–ö–†: —Ä–∞–∑—Ä–∞–±–æ—Ç–∫–∞ –ø—Ä–æ–≥—...

You may provide a definition with
\DeclareUnicodeCharacter 


! Package inputenc Error: Unicode character –≤ (U+0432)
(inputenc)                not set up for use with LaTeX.

See the inputenc package documentation for explanation.
Type  H <return>  for immediate help.
 ...                                              
                                                  
l.9 –¶–µ–ª—å –≤
               —ã–ø–æ–ª–Ω–µ–Ω–∏—è –ù–ò–û–ö–†: —Ä–∞–∑—Ä–∞–±–æ—Ç–∫–∞ –ø—Ä–æ–≥—...

You may provide a definition with
\DeclareUnicodeCharacter 


! Package inputenc Error: Unicode character —ã (U+044B)
(inputenc)                not set up for use with LaTeX.

See the inputenc package documentation for explanation.
Type  H <return>  for immediate help.
 ...                                              
                                                  
l.9 –¶–µ–ª—å –≤—ã
                 –ø–æ–ª–Ω–µ–Ω–∏—è –ù–ò–û–ö–†: —Ä–∞–∑—Ä–∞–±–æ—Ç–∫–∞ –ø—Ä–æ–≥—...

You may provide a definition with
\DeclareUnicodeCharacter 


! Package inputenc Error: Unicode character –ø (U+043F)
(inputenc)                not set up for use with LaTeX.

See the inputenc package documentation for explanation.
Type  H <return>  for immediate help.
 ...                                              
                                                  
l.9 –¶–µ–ª—å –≤—ã–ø
                   –æ–ª–Ω–µ–Ω–∏—è –ù–ò–û–ö–†: —Ä–∞–∑—Ä–∞–±–æ—Ç–∫–∞ –ø—Ä–æ–≥—...

You may provide a definition with
\DeclareUnicodeCharacter 


! Package inputenc Error: Unicode character –æ (U+043E)
(inputenc)                not set up for use with LaTeX.

See the inputenc package documentation for explanation.
Type  H <return>  for immediate help.
 ...                                              
                                                  
l.9 –¶–µ–ª—å –≤—ã–ø–æ
                     –ª–Ω–µ–Ω–∏—è –ù–ò–û–ö–†: —Ä–∞–∑—Ä–∞–±–æ—Ç–∫–∞ –ø—Ä–æ–≥—...

You may provide a definition with
\DeclareUnicodeCharacter 


! Package inputenc Error: Unicode character –ª (U+043B)
(inputenc)                not set up for use with LaTeX.

See the inputenc package documentation for explanation.
Type  H <return>  for immediate help.
 ...                                              
                                                  
l.9 –¶–µ–ª—å –≤—ã–ø–æ–ª
                       –Ω–µ–Ω–∏—è –ù–ò–û–ö–†: —Ä–∞–∑—Ä–∞–±–æ—Ç–∫–∞ –ø—Ä–æ–≥—...

You may provide a definition with
\DeclareUnicodeCharacter 


! Package inputenc Error: Unicode character –Ω (U+043D)
(inputenc)                not set up for use with LaTeX.

See the inputenc package documentation for explanation.
Type  H <return>  for immediate help.
 ...                                              
                                                  
l.9 –¶–µ–ª—å –≤—ã–ø–æ–ª–Ω
                         –µ–Ω–∏—è –ù–ò–û–ö–†: —Ä–∞–∑—Ä–∞–±–æ—Ç–∫–∞ –ø—Ä–æ–≥—...

You may provide a definition with
\DeclareUnicodeCharacter 


! Package inputenc Error: Unicode character –µ (U+0435)
(inputenc)                not set up for use with LaTeX.

See the inputenc package documentation for explanation.
Type  H <return>  for immediate help.
 ...                                              
                                                  
l.9 –¶–µ–ª—å –≤—ã–ø–æ–ª–Ω–µ
                           –Ω–∏—è –ù–ò–û–ö–†: —Ä–∞–∑—Ä–∞–±–æ—Ç–∫–∞ –ø—Ä–æ–≥—...

You may provide a definition with
\DeclareUnicodeCharacter 


! Package inputenc Error: Unicode character –Ω (U+043D)
(inputenc)                not set up for use with LaTeX.

See the inputenc package documentation for explanation.
Type  H <return>  for immediate help.
 ...                                              
                                                  
l.9 –¶–µ–ª—å –≤—ã–ø–æ–ª–Ω–µ–Ω
                             –∏—è –ù–ò–û–ö–†: —Ä–∞–∑—Ä–∞–±–æ—Ç–∫–∞ –ø—Ä–æ–≥—...

You may provide a definition with
\DeclareUnicodeCharacter 


! Package inputenc Error: Unicode character –∏ (U+0438)
(inputenc)                not set up for use with LaTeX.

See the inputenc package documentation for explanation.
Type  H <return>  for immediate help.
 ...                                              
                                                  
l.9 –¶–µ–ª—å –≤—ã–ø–æ–ª–Ω–µ–Ω–∏
                               —è –ù–ò–û–ö–†: —Ä–∞–∑—Ä–∞–±–æ—Ç–∫–∞ –ø—Ä–æ–≥—...

You may provide a definition with
\DeclareUnicodeCharacter 


! Package inputenc Error: Unicode character —è (U+044F)
(inputenc)                not set up for use with LaTeX.

See the inputenc package documentation for explanation.
Type  H <return>  for immediate help.
 ...                                              
                                                  
l.9 –¶–µ–ª—å –≤—ã–ø–æ–ª–Ω–µ–Ω–∏—è
                                  –ù–ò–û–ö–†: —Ä–∞–∑—Ä–∞–±–æ—Ç–∫–∞ –ø—Ä–æ–≥—...

You may provide a definition with
\DeclareUnicodeCharacter 


! Package inputenc Error: Unicode character –ù (U+041D)
(inputenc)                not set up for use with LaTeX.

See the inputenc package documentation for explanation.
Type  H <return>  for immediate help.
 ...                                              
                                                  
l.9 –¶–µ–ª—å –≤—ã–ø–æ–ª–Ω–µ–Ω–∏—è –ù
                                    –ò–û–ö–†: —Ä–∞–∑—Ä–∞–±–æ—Ç–∫–∞ –ø—Ä–æ–≥—...

You may provide a definition with
\DeclareUnicodeCharacter 


! Package inputenc Error: Unicode character –ò (U+0418)
(inputenc)                not set up for use with LaTeX.

See the inputenc package documentation for explanation.
Type  H <return>  for immediate help.
 ...                                              
                                                  
l.9 –¶–µ–ª—å –≤—ã–ø–æ–ª–Ω–µ–Ω–∏—è –ù–ò
                                      –û–ö–†: —Ä–∞–∑—Ä–∞–±–æ—Ç–∫–∞ –ø—Ä–æ–≥—...

You may provide a definition with
\DeclareUnicodeCharacter 


! Package inputenc Error: Unicode character –û (U+041E)
(inputenc)                not set up for use with LaTeX.

See the inputenc package documentation for explanation.
Type  H <return>  for immediate help.
 ...                                              
                                                  
l.9 –¶–µ–ª—å –≤—ã–ø–æ–ª–Ω–µ–Ω–∏—è –ù–ò–û
                                        –ö–†: —Ä–∞–∑—Ä–∞–±–æ—Ç–∫–∞ –ø—Ä–æ–≥—...

You may provide a definition with
\DeclareUnicodeCharacter 


! Package inputenc Error: Unicode character –ö (U+041A)
(inputenc)                not set up for use with LaTeX.

See the inputenc package documentation for explanation.
Type  H <return>  for immediate help.
 ...                                              
                                                  
l.9 –¶–µ–ª—å –≤—ã–ø–æ–ª–Ω–µ–Ω–∏—è –ù–ò–û–ö
                                          –†: —Ä–∞–∑—Ä–∞–±–æ—Ç–∫–∞ –ø—Ä–æ–≥—...

You may provide a definition with
\DeclareUnicodeCharacter 


! Package inputenc Error: Unicode character –† (U+0420)
(inputenc)                not set up for use with LaTeX.

See the inputenc package documentation for explanation.
Type  H <return>  for immediate help.
 ...                                              
                                                  
l.9 –¶–µ–ª—å –≤—ã–ø–æ–ª–Ω–µ–Ω–∏—è –ù–ò–û–ö–†
                                            : —Ä–∞–∑—Ä–∞–±–æ—Ç–∫–∞ –ø—Ä–æ–≥—...

You may provide a definition with
\DeclareUnicodeCharacter 


! LaTeX Error: Missing \begin{document}.

See the LaTeX manual or LaTeX Companion for explanation.
Type  H <return>  for immediate help.
 ...                                              
                                                  
l.9 –¶–µ–ª—å –≤—ã–ø–æ–ª–Ω–µ–Ω–∏—è –ù–ò–û–ö–†:
                                              —Ä–∞–∑—Ä–∞–±–æ—Ç–∫–∞ –ø—Ä–æ–≥—...

You're in trouble here.  Try typing  <return>  to proceed.
If that doesn't work, type  X <return>  to quit.

Missing character: There is no : in font nullfont!

! Package inputenc Error: Unicode character —Ä (U+0440)
(inputenc)                not set up for use with LaTeX.

See the inputenc package documentation for explanation.
Type  H <return>  for immediate help.
 ...                                              
                                                  
l.9 –¶–µ–ª—å –≤—ã–ø–æ–ª–Ω–µ–Ω–∏—è –ù–ò–û–ö–†: —Ä
                                                –∞–∑—Ä–∞–±–æ—Ç–∫–∞ –ø—Ä–æ–≥—...

You may provide a definition with
\DeclareUnicodeCharacter 


! Package inputenc Error: Unicode character –∞ (U+0430)
(inputenc)                not set up for use with LaTeX.

See the inputenc package documentation for explanation.
Type  H <return>  for immediate help.
 ...                                              
                                                  
l.9 –¶–µ–ª—å –≤—ã–ø–æ–ª–Ω–µ–Ω–∏—è –ù–ò–û–ö–†: —Ä–∞
                                                  –∑—Ä–∞–±–æ—Ç–∫–∞ –ø—Ä–æ–≥—...

You may provide a definition with
\DeclareUnicodeCharacter 


! Package inputenc Error: Unicode character –∑ (U+0437)
(inputenc)                not set up for use with LaTeX.

See the inputenc package documentation for explanation.
Type  H <return>  for immediate help.
 ...                                              
                                                  
l.9 ...ª—å –≤—ã–ø–æ–ª–Ω–µ–Ω–∏—è –ù–ò–û–ö–†: —Ä–∞–∑
                                                  —Ä–∞–±–æ—Ç–∫–∞ –ø—Ä–æ–≥—Ä–...

You may provide a definition with
\DeclareUnicodeCharacter 


! Package inputenc Error: Unicode character —Ä (U+0440)
(inputenc)                not set up for use with LaTeX.

See the inputenc package documentation for explanation.
Type  H <return>  for immediate help.
 ...                                              
                                                  
l.9 ...å –≤—ã–ø–æ–ª–Ω–µ–Ω–∏—è –ù–ò–û–ö–†: —Ä–∞–∑—Ä
                                                  –∞–±–æ—Ç–∫–∞ –ø—Ä–æ–≥—Ä–∞–...

You may provide a definition with
\DeclareUnicodeCharacter 


! Package inputenc Error: Unicode character –∞ (U+0430)
(inputenc)                not set up for use with LaTeX.

See the inputenc package documentation for explanation.
Type  H <return>  for immediate help.
 ...                                              
                                                  
l.9 ...–≤—ã–ø–æ–ª–Ω–µ–Ω–∏—è –ù–ò–û–ö–†: —Ä–∞–∑—Ä–∞
                                                  –±–æ—Ç–∫–∞ –ø—Ä–æ–≥—Ä–∞–º–...

You may provide a definition with
\DeclareUnicodeCharacter 


! Package inputenc Error: Unicode character –± (U+0431)
(inputenc)                not set up for use with LaTeX.

See the inputenc package documentation for explanation.
Type  H <return>  for immediate help.
 ...                                              
                                                  
l.9 ...—ã–ø–æ–ª–Ω–µ–Ω–∏—è –ù–ò–û–ö–†: —Ä–∞–∑—Ä–∞–±
                                                  –æ—Ç–∫–∞ –ø—Ä–æ–≥—Ä–∞–º–º–...

You may provide a definition with
\DeclareUnicodeCharacter 


! Package inputenc Error: Unicode character –æ (U+043E)
(inputenc)                not set up for use with LaTeX.

See the inputenc package documentation for explanation.
Type  H <return>  for immediate help.
 ...                                              
                                                  
l.9 ...–ø–æ–ª–Ω–µ–Ω–∏—è –ù–ò–û–ö–†: —Ä–∞–∑—Ä–∞–±–æ
                                                  —Ç–∫–∞ –ø—Ä–æ–≥—Ä–∞–º–º–Ω–...

You may provide a definition with
\DeclareUnicodeCharacter 


! Package inputenc Error: Unicode character —Ç (U+0442)
(inputenc)                not set up for use with LaTeX.

See the inputenc package documentation for explanation.
Type  H <return>  for immediate help.
 ...                                              
                                                  
l.9 ...–æ–ª–Ω–µ–Ω–∏—è –ù–ò–û–ö–†: —Ä–∞–∑—Ä–∞–±–æ—Ç
                                                  –∫–∞ –ø—Ä–æ–≥—Ä–∞–º–º–Ω–æ-...

You may provide a definition with
\DeclareUnicodeCharacter 


! Package inputenc Error: Unicode character –∫ (U+043A)
(inputenc)                not set up for use with LaTeX.

See the inputenc package documentation for explanation.
Type  H <return>  for immediate help.
 ...                                              
                                                  
l.9 ...–ª–Ω–µ–Ω–∏—è –ù–ò–û–ö–†: —Ä–∞–∑—Ä–∞–±–æ—Ç–∫
                                                  –∞ –ø—Ä–æ–≥—Ä–∞–º–º–Ω–æ-–∞...

You may provide a definition with
\DeclareUnicodeCharacter 


! Package inputenc Error: Unicode character –∞ (U+0430)
(inputenc)                not set up for use with LaTeX.

See the inputenc package documentation for explanation.
Type  H <return>  for immediate help.
 ...                                              
                                                  
l.9 ...–Ω–µ–Ω–∏—è –ù–ò–û–ö–†: —Ä–∞–∑—Ä–∞–±–æ—Ç–∫–∞
                                                   –ø—Ä–æ–≥—Ä–∞–º–º–Ω–æ-–∞–ø...

You may provide a definition with
\DeclareUnicodeCharacter 


! Package inputenc Error: Unicode character –ø (U+043F)
(inputenc)                not set up for use with LaTeX.

See the inputenc package documentation for explanation.
Type  H <return>  for immediate help.
 ...                                              
                                                  
l.9 ...µ–Ω–∏—è –ù–ò–û–ö–†: —Ä–∞–∑—Ä–∞–±–æ—Ç–∫–∞ –ø
                                                  —Ä–æ–≥—Ä–∞–º–º–Ω–æ-–∞–ø–ø–...

You may provide a definition with
\DeclareUnicodeCharacter 


! Package inputenc Error: Unicode character —Ä (U+0440)
(inputenc)                not set up for use with LaTeX.

See the inputenc package documentation for explanation.
Type  H <return>  for immediate help.
 ...                                              
                                                  
l.9 ...Ω–∏—è –ù–ò–û–ö–†: —Ä–∞–∑—Ä–∞–±–æ—Ç–∫–∞ –ø—Ä
                                                  –æ–≥—Ä–∞–º–º–Ω–æ-–∞–ø–ø–∞—...

You may provide a definition with
\DeclareUnicodeCharacter 


! Package inputenc Error: Unicode character –æ (U+043E)
(inputenc)                not set up for use with LaTeX.

See the inputenc package documentation for explanation.
Type  H <return>  for immediate help.
 ...                                              
                                                  
l.9 ...∏—è –ù–ò–û–ö–†: —Ä–∞–∑—Ä–∞–±–æ—Ç–∫–∞ –ø—Ä–æ
                                                  –≥—Ä–∞–º–º–Ω–æ-–∞–ø–ø–∞—Ä–...

You may provide a definition with
\DeclareUnicodeCharacter 


! Package inputenc Error: Unicode character –≥ (U+0433)
(inputenc)                not set up for use with LaTeX.

See the inputenc package documentation for explanation.
Type  H <return>  for immediate help.
 ...                                              
                                                  
l.9 ...è –ù–ò–û–ö–†: —Ä–∞–∑—Ä–∞–±–æ—Ç–∫–∞ –ø—Ä–æ–≥
                                                  —Ä–∞–º–º–Ω–æ-–∞–ø–ø–∞—Ä–∞—...

You may provide a definition with
\DeclareUnicodeCharacter 


! Package inputenc Error: Unicode character —Ä (U+0440)
(inputenc)                not set up for use with LaTeX.

See the inputenc package documentation for explanation.
Type  H <return>  for immediate help.
 ...                                              
                                                  
l.9 ...–ù–ò–û–ö–†: —Ä–∞–∑—Ä–∞–±–æ—Ç–∫–∞ –ø—Ä–æ–≥—Ä
                                                  –∞–º–º–Ω–æ-–∞–ø–ø–∞—Ä–∞—Ç–...

You may provide a definition with
\DeclareUnicodeCharacter 


! Package inputenc Error: Unicode character –∞ (U+0430)
(inputenc)                not set up for use with LaTeX.

See the inputenc package documentation for explanation.
Type  H <return>  for immediate help.
 ...                                              
                                                  
l.9 ...–ò–û–ö–†: —Ä–∞–∑—Ä–∞–±–æ—Ç–∫–∞ –ø—Ä–æ–≥—Ä–∞
                                                  –º–º–Ω–æ-–∞–ø–ø–∞—Ä–∞—Ç–Ω–...

You may provide a definition with
\DeclareUnicodeCharacter 


! Package inputenc Error: Unicode character –º (U+043C)
(inputenc)                not set up for use with LaTeX.

See the inputenc package documentation for explanation.
Type  H <return>  for immediate help.
 ...                                              
                                                  
l.9 ...–û–ö–†: —Ä–∞–∑—Ä–∞–±–æ—Ç–∫–∞ –ø—Ä–æ–≥—Ä–∞–º
                                                  –º–Ω–æ-–∞–ø–ø–∞—Ä–∞—Ç–Ω–æ–...

You may provide a definition with
\DeclareUnicodeCharacter 


! Package inputenc Error: Unicode character –º (U+043C)
(inputenc)                not set up for use with LaTeX.

See the inputenc package documentation for explanation.
Type  H <return>  for immediate help.
 ...                                              
                                                  
l.9 ...–ö–†: —Ä–∞–∑—Ä–∞–±–æ—Ç–∫–∞ –ø—Ä–æ–≥—Ä–∞–º–º
                                                  –Ω–æ-–∞–ø–ø–∞—Ä–∞—Ç–Ω–æ–≥–...

You may provide a definition with
\DeclareUnicodeCharacter 


! Package inputenc Error: Unicode character –Ω (U+043D)
(inputenc)                not set up for use with LaTeX.

See the inputenc package documentation for explanation.
Type  H <return>  for immediate help.
 ...                                              
                                                  
l.9 ...–†: —Ä–∞–∑—Ä–∞–±–æ—Ç–∫–∞ –ø—Ä–æ–≥—Ä–∞–º–º–Ω
                                                  –æ-–∞–ø–ø–∞—Ä–∞—Ç–Ω–æ–≥–æ ...

You may provide a definition with
\DeclareUnicodeCharacter 


! Package inputenc Error: Unicode character –æ (U+043E)
(inputenc)                not set up for use with LaTeX.

See the inputenc package documentation for explanation.
Type  H <return>  for immediate help.
 ...                                              
                                                  
l.9 ...: —Ä–∞–∑—Ä–∞–±–æ—Ç–∫–∞ –ø—Ä–æ–≥—Ä–∞–º–º–Ω–æ
                                                  -–∞–ø–ø–∞—Ä–∞—Ç–Ω–æ–≥–æ –∫...

You may provide a definition with
\DeclareUnicodeCharacter 

Missing character: There is no - in font nullfont!

! Package inputenc Error: Unicode character –∞ (U+0430)
(inputenc)                not set up for use with LaTeX.

See the inputenc package documentation for explanation.
Type  H <return>  for immediate help.
 ...                                              
                                                  
l.9 ...Ä–∞–∑—Ä–∞–±–æ—Ç–∫–∞ –ø—Ä–æ–≥—Ä–∞–º–º–Ω–æ-–∞
                                                  –ø–ø–∞—Ä–∞—Ç–Ω–æ–≥–æ –∫–æ–...

You may provide a definition with
\DeclareUnicodeCharacter 


! Package inputenc Error: Unicode character –ø (U+043F)
(inputenc)                not set up for use with LaTeX.

See the inputenc package documentation for explanation.
Type  H <return>  for immediate help.
 ...                                              
                                                  
l.9 ...∞–∑—Ä–∞–±–æ—Ç–∫–∞ –ø—Ä–æ–≥—Ä–∞–º–º–Ω–æ-–∞–ø
                                                  –ø–∞—Ä–∞—Ç–Ω–æ–≥–æ –∫–æ–º–...

You may provide a definition with
\DeclareUnicodeCharacter 


! Package inputenc Error: Unicode character –ø (U+043F)
(inputenc)                not set up for use with LaTeX.

See the inputenc package documentation for explanation.
Type  H <return>  for immediate help.
 ...                                              
                                                  
l.9 ...∑—Ä–∞–±–æ—Ç–∫–∞ –ø—Ä–æ–≥—Ä–∞–º–º–Ω–æ-–∞–ø–ø
                                                  –∞—Ä–∞—Ç–Ω–æ–≥–æ –∫–æ–º–ø–...

You may provide a definition with
\DeclareUnicodeCharacter 


! Package inputenc Error: Unicode character –∞ (U+0430)
(inputenc)                not set up for use with LaTeX.

See the inputenc package documentation for explanation.
Type  H <return>  for immediate help.
 ...                                              
                                                  
l.9 ...Ä–∞–±–æ—Ç–∫–∞ –ø—Ä–æ–≥—Ä–∞–º–º–Ω–æ-–∞–ø–ø–∞
                                                  —Ä–∞—Ç–Ω–æ–≥–æ –∫–æ–º–ø–ª–...

You may provide a definition with
\DeclareUnicodeCharacter 


! Package inputenc Error: Unicode character —Ä (U+0440)
(inputenc)                not set up for use with LaTeX.

See the inputenc package documentation for explanation.
Type  H <return>  for immediate help.
 ...                                              
                                                  
l.9 ...∞–±–æ—Ç–∫–∞ –ø—Ä–æ–≥—Ä–∞–º–º–Ω–æ-–∞–ø–ø–∞—Ä
                                                  –∞—Ç–Ω–æ–≥–æ –∫–æ–º–ø–ª–µ–...

You may provide a definition with
\DeclareUnicodeCharacter 


! Package inputenc Error: Unicode character –∞ (U+0430)
(inputenc)                not set up for use with LaTeX.

See the inputenc package documentation for explanation.
Type  H <return>  for immediate help.
 ...                                              
                                                  
l.9 ...±–æ—Ç–∫–∞ –ø—Ä–æ–≥—Ä–∞–º–º–Ω–æ-–∞–ø–ø–∞—Ä–∞
                                                  —Ç–Ω–æ–≥–æ –∫–æ–º–ø–ª–µ–∫—...

You may provide a definition with
\DeclareUnicodeCharacter 


! Package inputenc Error: Unicode character —Ç (U+0442)
(inputenc)                not set up for use with LaTeX.

See the inputenc package documentation for explanation.
Type  H <return>  for immediate help.
 ...                                              
                                                  
l.9 ...æ—Ç–∫–∞ –ø—Ä–æ–≥—Ä–∞–º–º–Ω–æ-–∞–ø–ø–∞—Ä–∞—Ç
                                                  –Ω–æ–≥–æ –∫–æ–º–ø–ª–µ–∫—Å–...

You may provide a definition with
\DeclareUnicodeCharacter 


! Package inputenc Error: Unicode character –Ω (U+043D)
(inputenc)                not set up for use with LaTeX.

See the inputenc package documentation for explanation.
Type  H <return>  for immediate help.
 ...                                              
                                                  
l.9 ...Ç–∫–∞ –ø—Ä–æ–≥—Ä–∞–º–º–Ω–æ-–∞–ø–ø–∞—Ä–∞—Ç–Ω
                                                  –æ–≥–æ –∫–æ–º–ø–ª–µ–∫—Å–∞ ...

You may provide a definition with
\DeclareUnicodeCharacter 


! Package inputenc Error: Unicode character –æ (U+043E)
(inputenc)                not set up for use with LaTeX.

See the inputenc package documentation for explanation.
Type  H <return>  for immediate help.
 ...                                              
                                                  
l.9 ...∫–∞ –ø—Ä–æ–≥—Ä–∞–º–º–Ω–æ-–∞–ø–ø–∞—Ä–∞—Ç–Ω–æ
                                                  –≥–æ –∫–æ–º–ø–ª–µ–∫—Å–∞ (–...

You may provide a definition with
\DeclareUnicodeCharacter 


! Package inputenc Error: Unicode character –≥ (U+0433)
(inputenc)                not set up for use with LaTeX.

See the inputenc package documentation for explanation.
Type  H <return>  for immediate help.
 ...                                              
                                                  
l.9 ...∞ –ø—Ä–æ–≥—Ä–∞–º–º–Ω–æ-–∞–ø–ø–∞—Ä–∞—Ç–Ω–æ–≥
                                                  –æ –∫–æ–º–ø–ª–µ–∫—Å–∞ (–ü–...

You may provide a definition with
\DeclareUnicodeCharacter 


! Package inputenc Error: Unicode character –æ (U+043E)
(inputenc)                not set up for use with LaTeX.

See the inputenc package documentation for explanation.
Type  H <return>  for immediate help.
 ...                                              
                                                  
l.9 ...–ø—Ä–æ–≥—Ä–∞–º–º–Ω–æ-–∞–ø–ø–∞—Ä–∞—Ç–Ω–æ–≥–æ
                                                   –∫–æ–º–ø–ª–µ–∫—Å–∞ (–ü–ê–ö),

You may provide a definition with
\DeclareUnicodeCharacter 


! Package inputenc Error: Unicode character –∫ (U+043A)
(inputenc)                not set up for use with LaTeX.

See the inputenc package documentation for explanation.
Type  H <return>  for immediate help.
 ...                                              
                                                  
l.9 ...Ä–æ–≥—Ä–∞–º–º–Ω–æ-–∞–ø–ø–∞—Ä–∞—Ç–Ω–æ–≥–æ –∫
                                                  –æ–º–ø–ª–µ–∫—Å–∞ (–ü–ê–ö),
You may provide a definition with
\DeclareUnicodeCharacter 


! Package inputenc Error: Unicode character –æ (U+043E)
(inputenc)                not set up for use with LaTeX.

See the inputenc package documentation for explanation.
Type  H <return>  for immediate help.
 ...                                              
                                                  
l.9 ...æ–≥—Ä–∞–º–º–Ω–æ-–∞–ø–ø–∞—Ä–∞—Ç–Ω–æ–≥–æ –∫–æ
                                                  –º–ø–ª–µ–∫—Å–∞ (–ü–ê–ö),
You may provide a definition with
\DeclareUnicodeCharacter 


! Package inputenc Error: Unicode character –º (U+043C)
(inputenc)                not set up for use with LaTeX.

See the inputenc package documentation for explanation.
Type  H <return>  for immediate help.
 ...                                              
                                                  
l.9 ...≥—Ä–∞–º–º–Ω–æ-–∞–ø–ø–∞—Ä–∞—Ç–Ω–æ–≥–æ –∫–æ–º
                                                  –ø–ª–µ–∫—Å–∞ (–ü–ê–ö),
You may provide a definition with
\DeclareUnicodeCharacter 


! Package inputenc Error: Unicode character –ø (U+043F)
(inputenc)                not set up for use with LaTeX.

See the inputenc package documentation for explanation.
Type  H <return>  for immediate help.
 ...                                              
                                                  
l.9 ...Ä–∞–º–º–Ω–æ-–∞–ø–ø–∞—Ä–∞—Ç–Ω–æ–≥–æ –∫–æ–º–ø
                                                  –ª–µ–∫—Å–∞ (–ü–ê–ö),
You may provide a definition with
\DeclareUnicodeCharacter 


! Package inputenc Error: Unicode character –ª (U+043B)
(inputenc)                not set up for use with LaTeX.

See the inputenc package documentation for explanation.
Type  H <return>  for immediate help.
 ...                                              
                                                  
l.9 ...∞–º–º–Ω–æ-–∞–ø–ø–∞—Ä–∞—Ç–Ω–æ–≥–æ –∫–æ–º–ø–ª
                                                  –µ–∫—Å–∞ (–ü–ê–ö),
You may provide a definition with
\DeclareUnicodeCharacter 


! Package inputenc Error: Unicode character –µ (U+0435)
(inputenc)                not set up for use with LaTeX.

See the inputenc package documentation for explanation.
Type  H <return>  for immediate help.
 ...                                              
                                                  
l.9 ...º–º–Ω–æ-–∞–ø–ø–∞—Ä–∞—Ç–Ω–æ–≥–æ –∫–æ–º–ø–ª–µ
                                                  –∫—Å–∞ (–ü–ê–ö),
You may provide a definition with
\DeclareUnicodeCharacter 


! Package inputenc Error: Unicode character –∫ (U+043A)
(inputenc)                not set up for use with LaTeX.

See the inputenc package documentation for explanation.
Type  H <return>  for immediate help.
 ...                                              
                                                  
l.9 ...º–Ω–æ-–∞–ø–ø–∞—Ä–∞—Ç–Ω–æ–≥–æ –∫–æ–º–ø–ª–µ–∫
                                                  —Å–∞ (–ü–ê–ö),
You may provide a definition with
\DeclareUnicodeCharacter 


! Package inputenc Error: Unicode character —Å (U+0441)
(inputenc)                not set up for use with LaTeX.

See the inputenc package documentation for explanation.
Type  H <return>  for immediate help.
 ...                                              
                                                  
l.9 ...Ω–æ-–∞–ø–ø–∞—Ä–∞—Ç–Ω–æ–≥–æ –∫–æ–º–ø–ª–µ–∫—Å
                                                  –∞ (–ü–ê–ö),
You may provide a definition with
\DeclareUnicodeCharacter 


! Package inputenc Error: Unicode character –∞ (U+0430)
(inputenc)                not set up for use with LaTeX.

See the inputenc package documentation for explanation.
Type  H <return>  for immediate help.
 ...                                              
                                                  
l.9 ...æ-–∞–ø–ø–∞—Ä–∞—Ç–Ω–æ–≥–æ –∫–æ–º–ø–ª–µ–∫—Å–∞
                                                   (–ü–ê–ö),
You may provide a definition with
\DeclareUnicodeCharacter 

Missing character: There is no ( in font nullfont!

! Package inputenc Error: Unicode character –ü (U+041F)
(inputenc)                not set up for use with LaTeX.

See the inputenc package documentation for explanation.
Type  H <return>  for immediate help.
 ...                                              
                                                  
l.9 ...–ø–ø–∞—Ä–∞—Ç–Ω–æ–≥–æ –∫–æ–º–ø–ª–µ–∫—Å–∞ (–ü
                                                  –ê–ö),
You may provide a definition with
\DeclareUnicodeCharacter 


! Package inputenc Error: Unicode character –ê (U+0410)
(inputenc)                not set up for use with LaTeX.

See the inputenc package documentation for explanation.
Type  H <return>  for immediate help.
 ...                                              
                                                  
l.9 ...–ø–∞—Ä–∞—Ç–Ω–æ–≥–æ –∫–æ–º–ø–ª–µ–∫—Å–∞ (–ü–ê
                                                  –ö),
You may provide a definition with
\DeclareUnicodeCharacter 


! Package inputenc Error: Unicode character –ö (U+041A)
(inputenc)                not set up for use with LaTeX.

See the inputenc package documentation for explanation.
Type  H <return>  for immediate help.
 ...                                              
                                                  
l.9 ...–∞—Ä–∞—Ç–Ω–æ–≥–æ –∫–æ–º–ø–ª–µ–∫—Å–∞ (–ü–ê–ö
                                                  ),
You may provide a definition with
\DeclareUnicodeCharacter 

Missing character: There is no ) in font nullfont!
Missing character: There is no , in font nullfont!

! Package inputenc Error: Unicode character –ø (U+043F)
(inputenc)                not set up for use with LaTeX.

See the inputenc package documentation for explanation.
Type  H <return>  for immediate help.
 ...                                              
                                                  
l.10 –ø
       —Ä–µ–¥–Ω–∞–∑–Ω–∞—á–µ–Ω–Ω–æ–≥–æ –¥–ª—è 3D-—Å–∫–∞–Ω–∏—Ä–æ–≤–∞–Ω–∏—è —á–...

You may provide a definition with
\DeclareUnicodeCharacter 


! Package inputenc Error: Unicode character —Ä (U+0440)
(inputenc)                not set up for use with LaTeX.

See the inputenc package documentation for explanation.
Type  H <return>  for immediate help.
 ...                                              
                                                  
l.10 –ø—Ä
         –µ–¥–Ω–∞–∑–Ω–∞—á–µ–Ω–Ω–æ–≥–æ –¥–ª—è 3D-—Å–∫–∞–Ω–∏—Ä–æ–≤–∞–Ω–∏—è —á–...

You may provide a definition with
\DeclareUnicodeCharacter 


! Package inputenc Error: Unicode character –µ (U+0435)
(inputenc)                not set up for use with LaTeX.

See the inputenc package documentation for explanation.
Type  H <return>  for immediate help.
 ...                                              
                                                  
l.10 –ø—Ä–µ
           –¥–Ω–∞–∑–Ω–∞—á–µ–Ω–Ω–æ–≥–æ –¥–ª—è 3D-—Å–∫–∞–Ω–∏—Ä–æ–≤–∞–Ω–∏—è —á–...

You may provide a definition with
\DeclareUnicodeCharacter 


! Package inputenc Error: Unicode character –¥ (U+0434)
(inputenc)                not set up for use with LaTeX.

See the inputenc package documentation for explanation.
Type  H <return>  for immediate help.
 ...                                              
                                                  
l.10 –ø—Ä–µ–¥
             –Ω–∞–∑–Ω–∞—á–µ–Ω–Ω–æ–≥–æ –¥–ª—è 3D-—Å–∫–∞–Ω–∏—Ä–æ–≤–∞–Ω–∏—è —á–...

You may provide a definition with
\DeclareUnicodeCharacter 


! Package inputenc Error: Unicode character –Ω (U+043D)
(inputenc)                not set up for use with LaTeX.

See the inputenc package documentation for explanation.
Type  H <return>  for immediate help.
 ...                                              
                                                  
l.10 –ø—Ä–µ–¥–Ω
               –∞–∑–Ω–∞—á–µ–Ω–Ω–æ–≥–æ –¥–ª—è 3D-—Å–∫–∞–Ω–∏—Ä–æ–≤–∞–Ω–∏—è —á–...

You may provide a definition with
\DeclareUnicodeCharacter 


! Package inputenc Error: Unicode character –∞ (U+0430)
(inputenc)                not set up for use with LaTeX.

See the inputenc package documentation for explanation.
Type  H <return>  for immediate help.
 ...                                              
                                                  
l.10 –ø—Ä–µ–¥–Ω–∞
                 –∑–Ω–∞—á–µ–Ω–Ω–æ–≥–æ –¥–ª—è 3D-—Å–∫–∞–Ω–∏—Ä–æ–≤–∞–Ω–∏—è —á–...

You may provide a definition with
\DeclareUnicodeCharacter 


! Package inputenc Error: Unicode character –∑ (U+0437)
(inputenc)                not set up for use with LaTeX.

See the inputenc package documentation for explanation.
Type  H <return>  for immediate help.
 ...                                              
                                                  
l.10 –ø—Ä–µ–¥–Ω–∞–∑
                   –Ω–∞—á–µ–Ω–Ω–æ–≥–æ –¥–ª—è 3D-—Å–∫–∞–Ω–∏—Ä–æ–≤–∞–Ω–∏—è —á–...

You may provide a definition with
\DeclareUnicodeCharacter 


! Package inputenc Error: Unicode character –Ω (U+043D)
(inputenc)                not set up for use with LaTeX.

See the inputenc package documentation for explanation.
Type  H <return>  for immediate help.
 ...                                              
                                                  
l.10 –ø—Ä–µ–¥–Ω–∞–∑–Ω
                     –∞—á–µ–Ω–Ω–æ–≥–æ –¥–ª—è 3D-—Å–∫–∞–Ω–∏—Ä–æ–≤–∞–Ω–∏—è —á–...

You may provide a definition with
\DeclareUnicodeCharacter 


! Package inputenc Error: Unicode character –∞ (U+0430)
(inputenc)                not set up for use with LaTeX.

See the inputenc package documentation for explanation.
Type  H <return>  for immediate help.
 ...                                              
                                                  
l.10 –ø—Ä–µ–¥–Ω–∞–∑–Ω–∞
                       —á–µ–Ω–Ω–æ–≥–æ –¥–ª—è 3D-—Å–∫–∞–Ω–∏—Ä–æ–≤–∞–Ω–∏—è —á–...

You may provide a definition with
\DeclareUnicodeCharacter 


! Package inputenc Error: Unicode character —á (U+0447)
(inputenc)                not set up for use with LaTeX.

See the inputenc package documentation for explanation.
Type  H <return>  for immediate help.
 ...                                              
                                                  
l.10 –ø—Ä–µ–¥–Ω–∞–∑–Ω–∞—á
                         –µ–Ω–Ω–æ–≥–æ –¥–ª—è 3D-—Å–∫–∞–Ω–∏—Ä–æ–≤–∞–Ω–∏—è —á–...

You may provide a definition with
\DeclareUnicodeCharacter 


! Package inputenc Error: Unicode character –µ (U+0435)
(inputenc)                not set up for use with LaTeX.

See the inputenc package documentation for explanation.
Type  H <return>  for immediate help.
 ...                                              
                                                  
l.10 –ø—Ä–µ–¥–Ω–∞–∑–Ω–∞—á–µ
                           –Ω–Ω–æ–≥–æ –¥–ª—è 3D-—Å–∫–∞–Ω–∏—Ä–æ–≤–∞–Ω–∏—è —á–...

You may provide a definition with
\DeclareUnicodeCharacter 


! Package inputenc Error: Unicode character –Ω (U+043D)
(inputenc)                not set up for use with LaTeX.

See the inputenc package documentation for explanation.
Type  H <return>  for immediate help.
 ...                                              
                                                  
l.10 –ø—Ä–µ–¥–Ω–∞–∑–Ω–∞—á–µ–Ω
                             –Ω–æ–≥–æ –¥–ª—è 3D-—Å–∫–∞–Ω–∏—Ä–æ–≤–∞–Ω–∏—è —á–...

You may provide a definition with
\DeclareUnicodeCharacter 


! Package inputenc Error: Unicode character –Ω (U+043D)
(inputenc)                not set up for use with LaTeX.

See the inputenc package documentation for explanation.
Type  H <return>  for immediate help.
 ...                                              
                                                  
l.10 –ø—Ä–µ–¥–Ω–∞–∑–Ω–∞—á–µ–Ω–Ω
                               –æ–≥–æ –¥–ª—è 3D-—Å–∫–∞–Ω–∏—Ä–æ–≤–∞–Ω–∏—è —á–...

You may provide a definition with
\DeclareUnicodeCharacter 


! Package inputenc Error: Unicode character –æ (U+043E)
(inputenc)                not set up for use with LaTeX.

See the inputenc package documentation for explanation.
Type  H <return>  for immediate help.
 ...                                              
                                                  
l.10 –ø—Ä–µ–¥–Ω–∞–∑–Ω–∞—á–µ–Ω–Ω–æ
                                 –≥–æ –¥–ª—è 3D-—Å–∫–∞–Ω–∏—Ä–æ–≤–∞–Ω–∏—è —á–...

You may provide a definition with
\DeclareUnicodeCharacter 


! Package inputenc Error: Unicode character –≥ (U+0433)
(inputenc)                not set up for use with LaTeX.

See the inputenc package documentation for explanation.
Type  H <return>  for immediate help.
 ...                                              
                                                  
l.10 –ø—Ä–µ–¥–Ω–∞–∑–Ω–∞—á–µ–Ω–Ω–æ–≥
                                   –æ –¥–ª—è 3D-—Å–∫–∞–Ω–∏—Ä–æ–≤–∞–Ω–∏—è —á–...

You may provide a definition with
\DeclareUnicodeCharacter 


! Package inputenc Error: Unicode character –æ (U+043E)
(inputenc)                not set up for use with LaTeX.

See the inputenc package documentation for explanation.
Type  H <return>  for immediate help.
 ...                                              
                                                  
l.10 –ø—Ä–µ–¥–Ω–∞–∑–Ω–∞—á–µ–Ω–Ω–æ–≥–æ
                                      –¥–ª—è 3D-—Å–∫–∞–Ω–∏—Ä–æ–≤–∞–Ω–∏—è —á–...

You may provide a definition with
\DeclareUnicodeCharacter 


! Package inputenc Error: Unicode character –¥ (U+0434)
(inputenc)                not set up for use with LaTeX.

See the inputenc package documentation for explanation.
Type  H <return>  for immediate help.
 ...                                              
                                                  
l.10 –ø—Ä–µ–¥–Ω–∞–∑–Ω–∞—á–µ–Ω–Ω–æ–≥–æ –¥
                                        –ª—è 3D-—Å–∫–∞–Ω–∏—Ä–æ–≤–∞–Ω–∏—è —á–...

You may provide a definition with
\DeclareUnicodeCharacter 


! Package inputenc Error: Unicode character –ª (U+043B)
(inputenc)                not set up for use with LaTeX.

See the inputenc package documentation for explanation.
Type  H <return>  for immediate help.
 ...                                              
                                                  
l.10 –ø—Ä–µ–¥–Ω–∞–∑–Ω–∞—á–µ–Ω–Ω–æ–≥–æ –¥–ª
                                          —è 3D-—Å–∫–∞–Ω–∏—Ä–æ–≤–∞–Ω–∏—è —á–...

You may provide a definition with
\DeclareUnicodeCharacter 


! Package inputenc Error: Unicode character —è (U+044F)
(inputenc)                not set up for use with LaTeX.

See the inputenc package documentation for explanation.
Type  H <return>  for immediate help.
 ...                                              
                                                  
l.10 –ø—Ä–µ–¥–Ω–∞–∑–Ω–∞—á–µ–Ω–Ω–æ–≥–æ –¥–ª—è
                                             3D-—Å–∫–∞–Ω–∏—Ä–æ–≤–∞–Ω–∏—è —á–...

You may provide a definition with
\DeclareUnicodeCharacter 

Missing character: There is no 3 in font nullfont!
Missing character: There is no D in font nullfont!
Missing character: There is no - in font nullfont!

! Package inputenc Error: Unicode character —Å (U+0441)
(inputenc)                not set up for use with LaTeX.

See the inputenc package documentation for explanation.
Type  H <return>  for immediate help.
 ...                                              
                                                  
l.10 –ø—Ä–µ–¥–Ω–∞–∑–Ω–∞—á–µ–Ω–Ω–æ–≥–æ –¥–ª—è 3D-—Å
                                                  –∫–∞–Ω–∏—Ä–æ–≤–∞–Ω–∏—è —á–...

You may provide a definition with
\DeclareUnicodeCharacter 


! Package inputenc Error: Unicode character –∫ (U+043A)
(inputenc)                not set up for use with LaTeX.

See the inputenc package documentation for explanation.
Type  H <return>  for immediate help.
 ...                                              
                                                  
l.10 ...µ–¥–Ω–∞–∑–Ω–∞—á–µ–Ω–Ω–æ–≥–æ –¥–ª—è 3D-—Å–∫
                                                  –∞–Ω–∏—Ä–æ–≤–∞–Ω–∏—è —á–µ–...

You may provide a definition with
\DeclareUnicodeCharacter 


! Package inputenc Error: Unicode character –∞ (U+0430)
(inputenc)                not set up for use with LaTeX.

See the inputenc package documentation for explanation.
Type  H <return>  for immediate help.
 ...                                              
                                                  
l.10 ...¥–Ω–∞–∑–Ω–∞—á–µ–Ω–Ω–æ–≥–æ –¥–ª—è 3D-—Å–∫–∞
                                                  –Ω–∏—Ä–æ–≤–∞–Ω–∏—è —á–µ–ª–...

You may provide a definition with
\DeclareUnicodeCharacter 


! Package inputenc Error: Unicode character –Ω (U+043D)
(inputenc)                not set up for use with LaTeX.

See the inputenc package documentation for explanation.
Type  H <return>  for immediate help.
 ...                                              
                                                  
l.10 ...Ω–∞–∑–Ω–∞—á–µ–Ω–Ω–æ–≥–æ –¥–ª—è 3D-—Å–∫–∞–Ω
                                                  –∏—Ä–æ–≤–∞–Ω–∏—è —á–µ–ª–æ–...

You may provide a definition with
\DeclareUnicodeCharacter 


! Package inputenc Error: Unicode character –∏ (U+0438)
(inputenc)                not set up for use with LaTeX.

See the inputenc package documentation for explanation.
Type  H <return>  for immediate help.
 ...                                              
                                                  
l.10 ...∞–∑–Ω–∞—á–µ–Ω–Ω–æ–≥–æ –¥–ª—è 3D-—Å–∫–∞–Ω–∏
                                                  —Ä–æ–≤–∞–Ω–∏—è —á–µ–ª–æ–≤–...

You may provide a definition with
\DeclareUnicodeCharacter 


! Package inputenc Error: Unicode character —Ä (U+0440)
(inputenc)                not set up for use with LaTeX.

See the inputenc package documentation for explanation.
Type  H <return>  for immediate help.
 ...                                              
                                                  
l.10 ...∑–Ω–∞—á–µ–Ω–Ω–æ–≥–æ –¥–ª—è 3D-—Å–∫–∞–Ω–∏—Ä
                                                  –æ–≤–∞–Ω–∏—è —á–µ–ª–æ–≤–µ–...

You may provide a definition with
\DeclareUnicodeCharacter 


! Package inputenc Error: Unicode character –æ (U+043E)
(inputenc)                not set up for use with LaTeX.

See the inputenc package documentation for explanation.
Type  H <return>  for immediate help.
 ...                                              
                                                  
l.10 ...Ω–∞—á–µ–Ω–Ω–æ–≥–æ –¥–ª—è 3D-—Å–∫–∞–Ω–∏—Ä–æ
                                                  –≤–∞–Ω–∏—è —á–µ–ª–æ–≤–µ–∫–...

You may provide a definition with
\DeclareUnicodeCharacter 


! Package inputenc Error: Unicode character –≤ (U+0432)
(inputenc)                not set up for use with LaTeX.

See the inputenc package documentation for explanation.
Type  H <return>  for immediate help.
 ...                                              
                                                  
l.10 ...∞—á–µ–Ω–Ω–æ–≥–æ –¥–ª—è 3D-—Å–∫–∞–Ω–∏—Ä–æ–≤
                                                  –∞–Ω–∏—è —á–µ–ª–æ–≤–µ–∫–∞ ...

You may provide a definition with
\DeclareUnicodeCharacter 


! Package inputenc Error: Unicode character –∞ (U+0430)
(inputenc)                not set up for use with LaTeX.

See the inputenc package documentation for explanation.
Type  H <return>  for immediate help.
 ...                                              
                                                  
l.10 ...á–µ–Ω–Ω–æ–≥–æ –¥–ª—è 3D-—Å–∫–∞–Ω–∏—Ä–æ–≤–∞
                                                  –Ω–∏—è —á–µ–ª–æ–≤–µ–∫–∞ –∏...

You may provide a definition with
\DeclareUnicodeCharacter 


! Package inputenc Error: Unicode character –Ω (U+043D)
(inputenc)                not set up for use with LaTeX.

See the inputenc package documentation for explanation.
Type  H <return>  for immediate help.
 ...                                              
                                                  
l.10 ...µ–Ω–Ω–æ–≥–æ –¥–ª—è 3D-—Å–∫–∞–Ω–∏—Ä–æ–≤–∞–Ω
                                                  –∏—è —á–µ–ª–æ–≤–µ–∫–∞ –∏ –...

You may provide a definition with
\DeclareUnicodeCharacter 


! Package inputenc Error: Unicode character –∏ (U+0438)
(inputenc)                not set up for use with LaTeX.

See the inputenc package documentation for explanation.
Type  H <return>  for immediate help.
 ...                                              
                                                  
l.10 ...Ω–Ω–æ–≥–æ –¥–ª—è 3D-—Å–∫–∞–Ω–∏—Ä–æ–≤–∞–Ω–∏
                                                  —è —á–µ–ª–æ–≤–µ–∫–∞ –∏ –∫—...

You may provide a definition with
\DeclareUnicodeCharacter 


! Package inputenc Error: Unicode character —è (U+044F)
(inputenc)                not set up for use with LaTeX.

See the inputenc package documentation for explanation.
Type  H <return>  for immediate help.
 ...                                              
                                                  
l.10 ...Ω–æ–≥–æ –¥–ª—è 3D-—Å–∫–∞–Ω–∏—Ä–æ–≤–∞–Ω–∏—è
                                                   —á–µ–ª–æ–≤–µ–∫–∞ –∏ –∫—Ä—...

You may provide a definition with
\DeclareUnicodeCharacter 


! Package inputenc Error: Unicode character —á (U+0447)
(inputenc)                not set up for use with LaTeX.

See the inputenc package documentation for explanation.
Type  H <return>  for immediate help.
 ...                                              
                                                  
l.10 ...–≥–æ –¥–ª—è 3D-—Å–∫–∞–Ω–∏—Ä–æ–≤–∞–Ω–∏—è —á
                                                  –µ–ª–æ–≤–µ–∫–∞ –∏ –∫—Ä—É–ø...

You may provide a definition with
\DeclareUnicodeCharacter 


! Package inputenc Error: Unicode character –µ (U+0435)
(inputenc)                not set up for use with LaTeX.

See the inputenc package documentation for explanation.
Type  H <return>  for immediate help.
 ...                                              
                                                  
l.10 ...–æ –¥–ª—è 3D-—Å–∫–∞–Ω–∏—Ä–æ–≤–∞–Ω–∏—è —á–µ
                                                  –ª–æ–≤–µ–∫–∞ –∏ –∫—Ä—É–ø–Ω...

You may provide a definition with
\DeclareUnicodeCharacter 


! Package inputenc Error: Unicode character –ª (U+043B)
(inputenc)                not set up for use with LaTeX.

See the inputenc package documentation for explanation.
Type  H <return>  for immediate help.
 ...                                              
                                                  
l.10 ... –¥–ª—è 3D-—Å–∫–∞–Ω–∏—Ä–æ–≤–∞–Ω–∏—è —á–µ–ª
                                                  –æ–≤–µ–∫–∞ –∏ –∫—Ä—É–ø–Ω–æ...

You may provide a definition with
\DeclareUnicodeCharacter 


! Package inputenc Error: Unicode character –æ (U+043E)
(inputenc)                not set up for use with LaTeX.

See the inputenc package documentation for explanation.
Type  H <return>  for immediate help.
 ...                                              
                                                  
l.10 ...¥–ª—è 3D-—Å–∫–∞–Ω–∏—Ä–æ–≤–∞–Ω–∏—è —á–µ–ª–æ
                                                  –≤–µ–∫–∞ –∏ –∫—Ä—É–ø–Ω–æ–≥...

You may provide a definition with
\DeclareUnicodeCharacter 


! Package inputenc Error: Unicode character –≤ (U+0432)
(inputenc)                not set up for use with LaTeX.

See the inputenc package documentation for explanation.
Type  H <return>  for immediate help.
 ...                                              
                                                  
l.10 ...ª—è 3D-—Å–∫–∞–Ω–∏—Ä–æ–≤–∞–Ω–∏—è —á–µ–ª–æ–≤
                                                  –µ–∫–∞ –∏ –∫—Ä—É–ø–Ω–æ–≥–∞...

You may provide a definition with
\DeclareUnicodeCharacter 


! Package inputenc Error: Unicode character –µ (U+0435)
(inputenc)                not set up for use with LaTeX.

See the inputenc package documentation for explanation.
Type  H <return>  for immediate help.
 ...                                              
                                                  
l.10 ...è 3D-—Å–∫–∞–Ω–∏—Ä–æ–≤–∞–Ω–∏—è —á–µ–ª–æ–≤–µ
                                                  –∫–∞ –∏ –∫—Ä—É–ø–Ω–æ–≥–∞–±...
(That makes 100 errors; please try again.) 
Here is how much of TeX's memory you used:
 52 strings out of 481239
 784 string characters out of 5920378
 236564 words of memory out of 5000000
 15419 multiletter control sequences out of 15000+600000
 532338 words of font info for 24 fonts, out of 8000000 for 9000
 1141 hyphenation exceptions out of 8191
 12i,0n,15p,189b,51s stack positions out of 5000i,500n,10000p,200000b,80000s

!  ==> Fatal error occurred, no output PDF file produced!
